[2025-03-22T12:41:10.444+0000] {processor.py:186} INFO - Started process (PID=92) to work on /home/airflow/.local/lib/python3.12/site-packages/airflow/example_dags/example_workday_timetable.py
[2025-03-22T12:41:10.450+0000] {processor.py:914} INFO - Processing file /home/airflow/.local/lib/python3.12/site-packages/airflow/example_dags/example_workday_timetable.py for tasks to queue
[2025-03-22T12:41:10.459+0000] {logging_mixin.py:190} INFO - [2025-03-22T12:41:10.459+0000] {dagbag.py:588} INFO - Filling up the DagBag from /home/airflow/.local/lib/python3.12/site-packages/airflow/example_dags/example_workday_timetable.py
[2025-03-22T12:41:10.482+0000] {processor.py:925} INFO - DAG(s) 'example_workday_timetable' retrieved from /home/airflow/.local/lib/python3.12/site-packages/airflow/example_dags/example_workday_timetable.py
[2025-03-22T12:41:10.788+0000] {logging_mixin.py:190} INFO - [2025-03-22T12:41:10.787+0000] {override.py:1912} INFO - Created Permission View: can read on DAG:example_workday_timetable
[2025-03-22T12:41:10.836+0000] {logging_mixin.py:190} INFO - [2025-03-22T12:41:10.835+0000] {override.py:1912} INFO - Created Permission View: can edit on DAG:example_workday_timetable
[2025-03-22T12:41:10.865+0000] {logging_mixin.py:190} INFO - [2025-03-22T12:41:10.864+0000] {override.py:1912} INFO - Created Permission View: can delete on DAG:example_workday_timetable
[2025-03-22T12:41:10.896+0000] {logging_mixin.py:190} INFO - [2025-03-22T12:41:10.895+0000] {override.py:1912} INFO - Created Permission View: menu access on DAG Run:example_workday_timetable
[2025-03-22T12:41:10.929+0000] {logging_mixin.py:190} INFO - [2025-03-22T12:41:10.928+0000] {override.py:1912} INFO - Created Permission View: can read on DAG Run:example_workday_timetable
[2025-03-22T12:41:10.945+0000] {logging_mixin.py:190} INFO - [2025-03-22T12:41:10.944+0000] {override.py:1912} INFO - Created Permission View: can create on DAG Run:example_workday_timetable
[2025-03-22T12:41:10.958+0000] {logging_mixin.py:190} INFO - [2025-03-22T12:41:10.958+0000] {override.py:1912} INFO - Created Permission View: can delete on DAG Run:example_workday_timetable
[2025-03-22T12:41:10.959+0000] {logging_mixin.py:190} INFO - [2025-03-22T12:41:10.959+0000] {dag.py:3239} INFO - Sync 1 DAGs
[2025-03-22T12:41:10.987+0000] {logging_mixin.py:190} INFO - [2025-03-22T12:41:10.985+0000] {dag.py:3262} INFO - Creating ORM DAG for example_workday_timetable
[2025-03-22T12:41:11.322+0000] {logging_mixin.py:190} INFO - [2025-03-22T12:41:11.320+0000] {dag.py:4180} INFO - Setting next_dagrun for example_workday_timetable to 2021-01-04 00:00:00+00:00, run_after=2021-01-05 00:00:00+00:00
[2025-03-22T12:41:11.401+0000] {processor.py:208} INFO - Processing /home/airflow/.local/lib/python3.12/site-packages/airflow/example_dags/example_workday_timetable.py took 0.986 seconds
[2025-03-22T12:41:42.194+0000] {processor.py:186} INFO - Started process (PID=154) to work on /home/airflow/.local/lib/python3.12/site-packages/airflow/example_dags/example_workday_timetable.py
[2025-03-22T12:41:42.194+0000] {processor.py:914} INFO - Processing file /home/airflow/.local/lib/python3.12/site-packages/airflow/example_dags/example_workday_timetable.py for tasks to queue
[2025-03-22T12:41:42.196+0000] {logging_mixin.py:190} INFO - [2025-03-22T12:41:42.196+0000] {dagbag.py:588} INFO - Filling up the DagBag from /home/airflow/.local/lib/python3.12/site-packages/airflow/example_dags/example_workday_timetable.py
[2025-03-22T12:41:42.201+0000] {processor.py:925} INFO - DAG(s) 'example_workday_timetable' retrieved from /home/airflow/.local/lib/python3.12/site-packages/airflow/example_dags/example_workday_timetable.py
[2025-03-22T12:41:42.215+0000] {logging_mixin.py:190} INFO - [2025-03-22T12:41:42.215+0000] {dag.py:3239} INFO - Sync 1 DAGs
[2025-03-22T12:41:42.262+0000] {logging_mixin.py:190} INFO - [2025-03-22T12:41:42.262+0000] {dag.py:4180} INFO - Setting next_dagrun for example_workday_timetable to 2021-01-04 00:00:00+00:00, run_after=2021-01-05 00:00:00+00:00
[2025-03-22T12:41:42.277+0000] {processor.py:208} INFO - Processing /home/airflow/.local/lib/python3.12/site-packages/airflow/example_dags/example_workday_timetable.py took 0.088 seconds
