[2025-03-22T12:41:02.839+0000] {processor.py:186} INFO - Started process (PID=63) to work on /home/airflow/.local/lib/python3.12/site-packages/airflow/example_dags/example_task_group_decorator.py
[2025-03-22T12:41:02.840+0000] {processor.py:914} INFO - Processing file /home/airflow/.local/lib/python3.12/site-packages/airflow/example_dags/example_task_group_decorator.py for tasks to queue
[2025-03-22T12:41:02.842+0000] {logging_mixin.py:190} INFO - [2025-03-22T12:41:02.842+0000] {dagbag.py:588} INFO - Filling up the DagBag from /home/airflow/.local/lib/python3.12/site-packages/airflow/example_dags/example_task_group_decorator.py
[2025-03-22T12:41:02.861+0000] {processor.py:925} INFO - DAG(s) 'example_task_group_decorator' retrieved from /home/airflow/.local/lib/python3.12/site-packages/airflow/example_dags/example_task_group_decorator.py
[2025-03-22T12:41:03.130+0000] {logging_mixin.py:190} INFO - [2025-03-22T12:41:03.129+0000] {override.py:1912} INFO - Created Permission View: can read on DAG:example_task_group_decorator
[2025-03-22T12:41:03.141+0000] {logging_mixin.py:190} INFO - [2025-03-22T12:41:03.140+0000] {override.py:1912} INFO - Created Permission View: can edit on DAG:example_task_group_decorator
[2025-03-22T12:41:03.148+0000] {logging_mixin.py:190} INFO - [2025-03-22T12:41:03.147+0000] {override.py:1912} INFO - Created Permission View: can delete on DAG:example_task_group_decorator
[2025-03-22T12:41:03.162+0000] {logging_mixin.py:190} INFO - [2025-03-22T12:41:03.161+0000] {override.py:1912} INFO - Created Permission View: menu access on DAG Run:example_task_group_decorator
[2025-03-22T12:41:03.171+0000] {logging_mixin.py:190} INFO - [2025-03-22T12:41:03.171+0000] {override.py:1912} INFO - Created Permission View: can read on DAG Run:example_task_group_decorator
[2025-03-22T12:41:03.195+0000] {logging_mixin.py:190} INFO - [2025-03-22T12:41:03.194+0000] {override.py:1912} INFO - Created Permission View: can create on DAG Run:example_task_group_decorator
[2025-03-22T12:41:03.208+0000] {logging_mixin.py:190} INFO - [2025-03-22T12:41:03.207+0000] {override.py:1912} INFO - Created Permission View: can delete on DAG Run:example_task_group_decorator
[2025-03-22T12:41:03.208+0000] {logging_mixin.py:190} INFO - [2025-03-22T12:41:03.208+0000] {dag.py:3239} INFO - Sync 1 DAGs
[2025-03-22T12:41:03.230+0000] {logging_mixin.py:190} INFO - [2025-03-22T12:41:03.230+0000] {dag.py:3262} INFO - Creating ORM DAG for example_task_group_decorator
[2025-03-22T12:41:03.231+0000] {logging_mixin.py:190} INFO - [2025-03-22T12:41:03.231+0000] {dag.py:4180} INFO - Setting next_dagrun for example_task_group_decorator to None, run_after=None
[2025-03-22T12:41:03.245+0000] {processor.py:208} INFO - Processing /home/airflow/.local/lib/python3.12/site-packages/airflow/example_dags/example_task_group_decorator.py took 0.412 seconds
[2025-03-22T12:41:33.627+0000] {processor.py:186} INFO - Started process (PID=126) to work on /home/airflow/.local/lib/python3.12/site-packages/airflow/example_dags/example_task_group_decorator.py
[2025-03-22T12:41:33.628+0000] {processor.py:914} INFO - Processing file /home/airflow/.local/lib/python3.12/site-packages/airflow/example_dags/example_task_group_decorator.py for tasks to queue
[2025-03-22T12:41:33.630+0000] {logging_mixin.py:190} INFO - [2025-03-22T12:41:33.630+0000] {dagbag.py:588} INFO - Filling up the DagBag from /home/airflow/.local/lib/python3.12/site-packages/airflow/example_dags/example_task_group_decorator.py
[2025-03-22T12:41:33.648+0000] {processor.py:925} INFO - DAG(s) 'example_task_group_decorator' retrieved from /home/airflow/.local/lib/python3.12/site-packages/airflow/example_dags/example_task_group_decorator.py
[2025-03-22T12:41:33.676+0000] {logging_mixin.py:190} INFO - [2025-03-22T12:41:33.676+0000] {dag.py:3239} INFO - Sync 1 DAGs
[2025-03-22T12:41:33.691+0000] {logging_mixin.py:190} INFO - [2025-03-22T12:41:33.691+0000] {dag.py:4180} INFO - Setting next_dagrun for example_task_group_decorator to None, run_after=None
[2025-03-22T12:41:33.709+0000] {processor.py:208} INFO - Processing /home/airflow/.local/lib/python3.12/site-packages/airflow/example_dags/example_task_group_decorator.py took 0.090 seconds
