[2025-03-22T12:41:05.897+0000] {processor.py:186} INFO - Started process (PID=78) to work on /home/airflow/.local/lib/python3.12/site-packages/airflow/example_dags/example_sla_dag.py
[2025-03-22T12:41:05.898+0000] {processor.py:914} INFO - Processing file /home/airflow/.local/lib/python3.12/site-packages/airflow/example_dags/example_sla_dag.py for tasks to queue
[2025-03-22T12:41:05.900+0000] {logging_mixin.py:190} INFO - [2025-03-22T12:41:05.900+0000] {dagbag.py:588} INFO - Filling up the DagBag from /home/airflow/.local/lib/python3.12/site-packages/airflow/example_dags/example_sla_dag.py
[2025-03-22T12:41:05.913+0000] {processor.py:925} INFO - DAG(s) 'example_sla_dag' retrieved from /home/airflow/.local/lib/python3.12/site-packages/airflow/example_dags/example_sla_dag.py
[2025-03-22T12:41:06.073+0000] {logging_mixin.py:190} INFO - [2025-03-22T12:41:06.072+0000] {override.py:1912} INFO - Created Permission View: can read on DAG:example_sla_dag
[2025-03-22T12:41:06.085+0000] {logging_mixin.py:190} INFO - [2025-03-22T12:41:06.085+0000] {override.py:1912} INFO - Created Permission View: can edit on DAG:example_sla_dag
[2025-03-22T12:41:06.090+0000] {logging_mixin.py:190} INFO - [2025-03-22T12:41:06.090+0000] {override.py:1912} INFO - Created Permission View: can delete on DAG:example_sla_dag
[2025-03-22T12:41:06.096+0000] {logging_mixin.py:190} INFO - [2025-03-22T12:41:06.096+0000] {override.py:1912} INFO - Created Permission View: menu access on DAG Run:example_sla_dag
[2025-03-22T12:41:06.102+0000] {logging_mixin.py:190} INFO - [2025-03-22T12:41:06.101+0000] {override.py:1912} INFO - Created Permission View: can read on DAG Run:example_sla_dag
[2025-03-22T12:41:06.107+0000] {logging_mixin.py:190} INFO - [2025-03-22T12:41:06.107+0000] {override.py:1912} INFO - Created Permission View: can create on DAG Run:example_sla_dag
[2025-03-22T12:41:06.112+0000] {logging_mixin.py:190} INFO - [2025-03-22T12:41:06.112+0000] {override.py:1912} INFO - Created Permission View: can delete on DAG Run:example_sla_dag
[2025-03-22T12:41:06.113+0000] {logging_mixin.py:190} INFO - [2025-03-22T12:41:06.113+0000] {dag.py:3239} INFO - Sync 1 DAGs
[2025-03-22T12:41:06.126+0000] {logging_mixin.py:190} INFO - [2025-03-22T12:41:06.126+0000] {dag.py:3262} INFO - Creating ORM DAG for example_sla_dag
[2025-03-22T12:41:06.140+0000] {logging_mixin.py:190} INFO - [2025-03-22T12:41:06.139+0000] {dag.py:4180} INFO - Setting next_dagrun for example_sla_dag to 2025-03-22 12:38:00+00:00, run_after=2025-03-22 12:40:00+00:00
[2025-03-22T12:41:06.155+0000] {processor.py:208} INFO - Processing /home/airflow/.local/lib/python3.12/site-packages/airflow/example_dags/example_sla_dag.py took 0.264 seconds
[2025-03-22T12:41:37.081+0000] {processor.py:186} INFO - Started process (PID=141) to work on /home/airflow/.local/lib/python3.12/site-packages/airflow/example_dags/example_sla_dag.py
[2025-03-22T12:41:37.082+0000] {processor.py:914} INFO - Processing file /home/airflow/.local/lib/python3.12/site-packages/airflow/example_dags/example_sla_dag.py for tasks to queue
[2025-03-22T12:41:37.084+0000] {logging_mixin.py:190} INFO - [2025-03-22T12:41:37.084+0000] {dagbag.py:588} INFO - Filling up the DagBag from /home/airflow/.local/lib/python3.12/site-packages/airflow/example_dags/example_sla_dag.py
[2025-03-22T12:41:37.098+0000] {processor.py:925} INFO - DAG(s) 'example_sla_dag' retrieved from /home/airflow/.local/lib/python3.12/site-packages/airflow/example_dags/example_sla_dag.py
[2025-03-22T12:41:37.118+0000] {logging_mixin.py:190} INFO - [2025-03-22T12:41:37.118+0000] {dag.py:3239} INFO - Sync 1 DAGs
[2025-03-22T12:41:37.152+0000] {logging_mixin.py:190} INFO - [2025-03-22T12:41:37.151+0000] {dag.py:4180} INFO - Setting next_dagrun for example_sla_dag to 2025-03-22 12:38:00+00:00, run_after=2025-03-22 12:40:00+00:00
[2025-03-22T12:41:37.179+0000] {processor.py:208} INFO - Processing /home/airflow/.local/lib/python3.12/site-packages/airflow/example_dags/example_sla_dag.py took 0.104 seconds
