[2025-03-22T12:41:09.339+0000] {processor.py:186} INFO - Started process (PID=89) to work on /home/airflow/.local/lib/python3.12/site-packages/airflow/example_dags/example_latest_only_with_trigger.py
[2025-03-22T12:41:09.352+0000] {processor.py:914} INFO - Processing file /home/airflow/.local/lib/python3.12/site-packages/airflow/example_dags/example_latest_only_with_trigger.py for tasks to queue
[2025-03-22T12:41:09.375+0000] {logging_mixin.py:190} INFO - [2025-03-22T12:41:09.356+0000] {dagbag.py:588} INFO - Filling up the DagBag from /home/airflow/.local/lib/python3.12/site-packages/airflow/example_dags/example_latest_only_with_trigger.py
[2025-03-22T12:41:09.420+0000] {processor.py:925} INFO - DAG(s) 'latest_only_with_trigger' retrieved from /home/airflow/.local/lib/python3.12/site-packages/airflow/example_dags/example_latest_only_with_trigger.py
[2025-03-22T12:41:09.816+0000] {logging_mixin.py:190} INFO - [2025-03-22T12:41:09.816+0000] {override.py:1912} INFO - Created Permission View: can read on DAG:latest_only_with_trigger
[2025-03-22T12:41:09.866+0000] {logging_mixin.py:190} INFO - [2025-03-22T12:41:09.864+0000] {override.py:1912} INFO - Created Permission View: can edit on DAG:latest_only_with_trigger
[2025-03-22T12:41:09.890+0000] {logging_mixin.py:190} INFO - [2025-03-22T12:41:09.889+0000] {override.py:1912} INFO - Created Permission View: can delete on DAG:latest_only_with_trigger
[2025-03-22T12:41:09.930+0000] {logging_mixin.py:190} INFO - [2025-03-22T12:41:09.927+0000] {override.py:1912} INFO - Created Permission View: menu access on DAG Run:latest_only_with_trigger
[2025-03-22T12:41:09.950+0000] {logging_mixin.py:190} INFO - [2025-03-22T12:41:09.950+0000] {override.py:1912} INFO - Created Permission View: can read on DAG Run:latest_only_with_trigger
[2025-03-22T12:41:09.966+0000] {logging_mixin.py:190} INFO - [2025-03-22T12:41:09.965+0000] {override.py:1912} INFO - Created Permission View: can create on DAG Run:latest_only_with_trigger
[2025-03-22T12:41:09.990+0000] {logging_mixin.py:190} INFO - [2025-03-22T12:41:09.989+0000] {override.py:1912} INFO - Created Permission View: can delete on DAG Run:latest_only_with_trigger
[2025-03-22T12:41:09.990+0000] {logging_mixin.py:190} INFO - [2025-03-22T12:41:09.990+0000] {dag.py:3239} INFO - Sync 1 DAGs
[2025-03-22T12:41:10.036+0000] {logging_mixin.py:190} INFO - [2025-03-22T12:41:10.032+0000] {dag.py:3262} INFO - Creating ORM DAG for latest_only_with_trigger
[2025-03-22T12:41:10.069+0000] {logging_mixin.py:190} INFO - [2025-03-22T12:41:10.068+0000] {dag.py:4180} INFO - Setting next_dagrun for latest_only_with_trigger to 2025-03-22 08:00:00+00:00, run_after=2025-03-22 12:00:00+00:00
[2025-03-22T12:41:10.167+0000] {processor.py:208} INFO - Processing /home/airflow/.local/lib/python3.12/site-packages/airflow/example_dags/example_latest_only_with_trigger.py took 0.864 seconds
[2025-03-22T12:41:41.164+0000] {processor.py:186} INFO - Started process (PID=152) to work on /home/airflow/.local/lib/python3.12/site-packages/airflow/example_dags/example_latest_only_with_trigger.py
[2025-03-22T12:41:41.165+0000] {processor.py:914} INFO - Processing file /home/airflow/.local/lib/python3.12/site-packages/airflow/example_dags/example_latest_only_with_trigger.py for tasks to queue
[2025-03-22T12:41:41.168+0000] {logging_mixin.py:190} INFO - [2025-03-22T12:41:41.167+0000] {dagbag.py:588} INFO - Filling up the DagBag from /home/airflow/.local/lib/python3.12/site-packages/airflow/example_dags/example_latest_only_with_trigger.py
[2025-03-22T12:41:41.177+0000] {processor.py:925} INFO - DAG(s) 'latest_only_with_trigger' retrieved from /home/airflow/.local/lib/python3.12/site-packages/airflow/example_dags/example_latest_only_with_trigger.py
[2025-03-22T12:41:41.200+0000] {logging_mixin.py:190} INFO - [2025-03-22T12:41:41.199+0000] {dag.py:3239} INFO - Sync 1 DAGs
[2025-03-22T12:41:41.229+0000] {logging_mixin.py:190} INFO - [2025-03-22T12:41:41.228+0000] {dag.py:4180} INFO - Setting next_dagrun for latest_only_with_trigger to 2025-03-22 08:00:00+00:00, run_after=2025-03-22 12:00:00+00:00
[2025-03-22T12:41:41.248+0000] {processor.py:208} INFO - Processing /home/airflow/.local/lib/python3.12/site-packages/airflow/example_dags/example_latest_only_with_trigger.py took 0.090 seconds
