[2025-03-22T12:41:07.603+0000] {processor.py:186} INFO - Started process (PID=85) to work on /home/airflow/.local/lib/python3.12/site-packages/airflow/example_dags/example_dynamic_task_mapping.py
[2025-03-22T12:41:07.605+0000] {processor.py:914} INFO - Processing file /home/airflow/.local/lib/python3.12/site-packages/airflow/example_dags/example_dynamic_task_mapping.py for tasks to queue
[2025-03-22T12:41:07.613+0000] {logging_mixin.py:190} INFO - [2025-03-22T12:41:07.610+0000] {dagbag.py:588} INFO - Filling up the DagBag from /home/airflow/.local/lib/python3.12/site-packages/airflow/example_dags/example_dynamic_task_mapping.py
[2025-03-22T12:41:07.675+0000] {processor.py:925} INFO - DAG(s) 'example_dynamic_task_mapping' retrieved from /home/airflow/.local/lib/python3.12/site-packages/airflow/example_dags/example_dynamic_task_mapping.py
[2025-03-22T12:41:07.922+0000] {logging_mixin.py:190} INFO - [2025-03-22T12:41:07.921+0000] {override.py:1912} INFO - Created Permission View: can read on DAG:example_dynamic_task_mapping
[2025-03-22T12:41:07.960+0000] {logging_mixin.py:190} INFO - [2025-03-22T12:41:07.959+0000] {override.py:1912} INFO - Created Permission View: can edit on DAG:example_dynamic_task_mapping
[2025-03-22T12:41:07.983+0000] {logging_mixin.py:190} INFO - [2025-03-22T12:41:07.983+0000] {override.py:1912} INFO - Created Permission View: can delete on DAG:example_dynamic_task_mapping
[2025-03-22T12:41:08.008+0000] {logging_mixin.py:190} INFO - [2025-03-22T12:41:08.008+0000] {override.py:1912} INFO - Created Permission View: menu access on DAG Run:example_dynamic_task_mapping
[2025-03-22T12:41:08.047+0000] {logging_mixin.py:190} INFO - [2025-03-22T12:41:08.046+0000] {override.py:1912} INFO - Created Permission View: can read on DAG Run:example_dynamic_task_mapping
[2025-03-22T12:41:08.073+0000] {logging_mixin.py:190} INFO - [2025-03-22T12:41:08.072+0000] {override.py:1912} INFO - Created Permission View: can create on DAG Run:example_dynamic_task_mapping
[2025-03-22T12:41:08.094+0000] {logging_mixin.py:190} INFO - [2025-03-22T12:41:08.093+0000] {override.py:1912} INFO - Created Permission View: can delete on DAG Run:example_dynamic_task_mapping
[2025-03-22T12:41:08.094+0000] {logging_mixin.py:190} INFO - [2025-03-22T12:41:08.094+0000] {dag.py:3239} INFO - Sync 1 DAGs
[2025-03-22T12:41:08.128+0000] {logging_mixin.py:190} INFO - [2025-03-22T12:41:08.119+0000] {dag.py:3262} INFO - Creating ORM DAG for example_dynamic_task_mapping
[2025-03-22T12:41:08.130+0000] {logging_mixin.py:190} INFO - [2025-03-22T12:41:08.129+0000] {dag.py:4180} INFO - Setting next_dagrun for example_dynamic_task_mapping to None, run_after=None
[2025-03-22T12:41:08.235+0000] {processor.py:208} INFO - Processing /home/airflow/.local/lib/python3.12/site-packages/airflow/example_dags/example_dynamic_task_mapping.py took 0.658 seconds
[2025-03-22T12:41:38.926+0000] {processor.py:186} INFO - Started process (PID=148) to work on /home/airflow/.local/lib/python3.12/site-packages/airflow/example_dags/example_dynamic_task_mapping.py
[2025-03-22T12:41:38.927+0000] {processor.py:914} INFO - Processing file /home/airflow/.local/lib/python3.12/site-packages/airflow/example_dags/example_dynamic_task_mapping.py for tasks to queue
[2025-03-22T12:41:38.930+0000] {logging_mixin.py:190} INFO - [2025-03-22T12:41:38.929+0000] {dagbag.py:588} INFO - Filling up the DagBag from /home/airflow/.local/lib/python3.12/site-packages/airflow/example_dags/example_dynamic_task_mapping.py
[2025-03-22T12:41:38.940+0000] {processor.py:925} INFO - DAG(s) 'example_dynamic_task_mapping' retrieved from /home/airflow/.local/lib/python3.12/site-packages/airflow/example_dags/example_dynamic_task_mapping.py
[2025-03-22T12:41:38.961+0000] {logging_mixin.py:190} INFO - [2025-03-22T12:41:38.961+0000] {dag.py:3239} INFO - Sync 1 DAGs
[2025-03-22T12:41:38.992+0000] {logging_mixin.py:190} INFO - [2025-03-22T12:41:38.991+0000] {dag.py:4180} INFO - Setting next_dagrun for example_dynamic_task_mapping to None, run_after=None
[2025-03-22T12:41:39.012+0000] {processor.py:208} INFO - Processing /home/airflow/.local/lib/python3.12/site-packages/airflow/example_dags/example_dynamic_task_mapping.py took 0.092 seconds
