[2025-03-22T12:41:16.508+0000] {processor.py:186} INFO - Started process (PID=106) to work on /home/airflow/.local/lib/python3.12/site-packages/airflow/example_dags/example_dataset_alias_with_no_taskflow.py
[2025-03-22T12:41:16.509+0000] {processor.py:914} INFO - Processing file /home/airflow/.local/lib/python3.12/site-packages/airflow/example_dags/example_dataset_alias_with_no_taskflow.py for tasks to queue
[2025-03-22T12:41:16.511+0000] {logging_mixin.py:190} INFO - [2025-03-22T12:41:16.511+0000] {dagbag.py:588} INFO - Filling up the DagBag from /home/airflow/.local/lib/python3.12/site-packages/airflow/example_dags/example_dataset_alias_with_no_taskflow.py
[2025-03-22T12:41:17.230+0000] {processor.py:925} INFO - DAG(s) 'dataset_s3_bucket_producer_with_no_taskflow', 'dataset_alias_example_alias_producer_with_no_taskflow', 'dataset_s3_bucket_consumer_with_no_taskflow', 'dataset_alias_example_alias_consumer_with_no_taskflow' retrieved from /home/airflow/.local/lib/python3.12/site-packages/airflow/example_dags/example_dataset_alias_with_no_taskflow.py
[2025-03-22T12:41:17.339+0000] {logging_mixin.py:190} INFO - [2025-03-22T12:41:17.338+0000] {override.py:1912} INFO - Created Permission View: can read on DAG:dataset_s3_bucket_producer_with_no_taskflow
[2025-03-22T12:41:17.351+0000] {logging_mixin.py:190} INFO - [2025-03-22T12:41:17.350+0000] {override.py:1912} INFO - Created Permission View: can edit on DAG:dataset_s3_bucket_producer_with_no_taskflow
[2025-03-22T12:41:17.357+0000] {logging_mixin.py:190} INFO - [2025-03-22T12:41:17.357+0000] {override.py:1912} INFO - Created Permission View: can delete on DAG:dataset_s3_bucket_producer_with_no_taskflow
[2025-03-22T12:41:17.364+0000] {logging_mixin.py:190} INFO - [2025-03-22T12:41:17.363+0000] {override.py:1912} INFO - Created Permission View: menu access on DAG Run:dataset_s3_bucket_producer_with_no_taskflow
[2025-03-22T12:41:17.370+0000] {logging_mixin.py:190} INFO - [2025-03-22T12:41:17.370+0000] {override.py:1912} INFO - Created Permission View: can read on DAG Run:dataset_s3_bucket_producer_with_no_taskflow
[2025-03-22T12:41:17.376+0000] {logging_mixin.py:190} INFO - [2025-03-22T12:41:17.376+0000] {override.py:1912} INFO - Created Permission View: can create on DAG Run:dataset_s3_bucket_producer_with_no_taskflow
[2025-03-22T12:41:17.382+0000] {logging_mixin.py:190} INFO - [2025-03-22T12:41:17.382+0000] {override.py:1912} INFO - Created Permission View: can delete on DAG Run:dataset_s3_bucket_producer_with_no_taskflow
[2025-03-22T12:41:17.396+0000] {logging_mixin.py:190} INFO - [2025-03-22T12:41:17.396+0000] {override.py:1912} INFO - Created Permission View: can read on DAG:dataset_alias_example_alias_producer_with_no_taskflow
[2025-03-22T12:41:17.403+0000] {logging_mixin.py:190} INFO - [2025-03-22T12:41:17.402+0000] {override.py:1912} INFO - Created Permission View: can edit on DAG:dataset_alias_example_alias_producer_with_no_taskflow
[2025-03-22T12:41:17.409+0000] {logging_mixin.py:190} INFO - [2025-03-22T12:41:17.409+0000] {override.py:1912} INFO - Created Permission View: can delete on DAG:dataset_alias_example_alias_producer_with_no_taskflow
[2025-03-22T12:41:17.416+0000] {logging_mixin.py:190} INFO - [2025-03-22T12:41:17.416+0000] {override.py:1912} INFO - Created Permission View: menu access on DAG Run:dataset_alias_example_alias_producer_with_no_taskflow
[2025-03-22T12:41:17.423+0000] {logging_mixin.py:190} INFO - [2025-03-22T12:41:17.422+0000] {override.py:1912} INFO - Created Permission View: can read on DAG Run:dataset_alias_example_alias_producer_with_no_taskflow
[2025-03-22T12:41:17.432+0000] {logging_mixin.py:190} INFO - [2025-03-22T12:41:17.431+0000] {override.py:1912} INFO - Created Permission View: can create on DAG Run:dataset_alias_example_alias_producer_with_no_taskflow
[2025-03-22T12:41:17.438+0000] {logging_mixin.py:190} INFO - [2025-03-22T12:41:17.438+0000] {override.py:1912} INFO - Created Permission View: can delete on DAG Run:dataset_alias_example_alias_producer_with_no_taskflow
[2025-03-22T12:41:17.451+0000] {logging_mixin.py:190} INFO - [2025-03-22T12:41:17.450+0000] {override.py:1912} INFO - Created Permission View: can read on DAG:dataset_s3_bucket_consumer_with_no_taskflow
[2025-03-22T12:41:17.457+0000] {logging_mixin.py:190} INFO - [2025-03-22T12:41:17.457+0000] {override.py:1912} INFO - Created Permission View: can edit on DAG:dataset_s3_bucket_consumer_with_no_taskflow
[2025-03-22T12:41:17.463+0000] {logging_mixin.py:190} INFO - [2025-03-22T12:41:17.463+0000] {override.py:1912} INFO - Created Permission View: can delete on DAG:dataset_s3_bucket_consumer_with_no_taskflow
[2025-03-22T12:41:17.469+0000] {logging_mixin.py:190} INFO - [2025-03-22T12:41:17.469+0000] {override.py:1912} INFO - Created Permission View: menu access on DAG Run:dataset_s3_bucket_consumer_with_no_taskflow
[2025-03-22T12:41:17.476+0000] {logging_mixin.py:190} INFO - [2025-03-22T12:41:17.475+0000] {override.py:1912} INFO - Created Permission View: can read on DAG Run:dataset_s3_bucket_consumer_with_no_taskflow
[2025-03-22T12:41:17.481+0000] {logging_mixin.py:190} INFO - [2025-03-22T12:41:17.481+0000] {override.py:1912} INFO - Created Permission View: can create on DAG Run:dataset_s3_bucket_consumer_with_no_taskflow
[2025-03-22T12:41:17.487+0000] {logging_mixin.py:190} INFO - [2025-03-22T12:41:17.487+0000] {override.py:1912} INFO - Created Permission View: can delete on DAG Run:dataset_s3_bucket_consumer_with_no_taskflow
[2025-03-22T12:41:17.499+0000] {logging_mixin.py:190} INFO - [2025-03-22T12:41:17.498+0000] {override.py:1912} INFO - Created Permission View: can read on DAG:dataset_alias_example_alias_consumer_with_no_taskflow
[2025-03-22T12:41:17.505+0000] {logging_mixin.py:190} INFO - [2025-03-22T12:41:17.505+0000] {override.py:1912} INFO - Created Permission View: can edit on DAG:dataset_alias_example_alias_consumer_with_no_taskflow
[2025-03-22T12:41:17.511+0000] {logging_mixin.py:190} INFO - [2025-03-22T12:41:17.511+0000] {override.py:1912} INFO - Created Permission View: can delete on DAG:dataset_alias_example_alias_consumer_with_no_taskflow
[2025-03-22T12:41:17.517+0000] {logging_mixin.py:190} INFO - [2025-03-22T12:41:17.517+0000] {override.py:1912} INFO - Created Permission View: menu access on DAG Run:dataset_alias_example_alias_consumer_with_no_taskflow
[2025-03-22T12:41:17.524+0000] {logging_mixin.py:190} INFO - [2025-03-22T12:41:17.523+0000] {override.py:1912} INFO - Created Permission View: can read on DAG Run:dataset_alias_example_alias_consumer_with_no_taskflow
[2025-03-22T12:41:17.532+0000] {logging_mixin.py:190} INFO - [2025-03-22T12:41:17.532+0000] {override.py:1912} INFO - Created Permission View: can create on DAG Run:dataset_alias_example_alias_consumer_with_no_taskflow
[2025-03-22T12:41:17.539+0000] {logging_mixin.py:190} INFO - [2025-03-22T12:41:17.538+0000] {override.py:1912} INFO - Created Permission View: can delete on DAG Run:dataset_alias_example_alias_consumer_with_no_taskflow
[2025-03-22T12:41:17.540+0000] {logging_mixin.py:190} INFO - [2025-03-22T12:41:17.539+0000] {dag.py:3239} INFO - Sync 4 DAGs
[2025-03-22T12:41:17.555+0000] {logging_mixin.py:190} INFO - [2025-03-22T12:41:17.554+0000] {dag.py:3262} INFO - Creating ORM DAG for dataset_s3_bucket_consumer_with_no_taskflow
[2025-03-22T12:41:17.556+0000] {logging_mixin.py:190} INFO - [2025-03-22T12:41:17.556+0000] {dag.py:3262} INFO - Creating ORM DAG for dataset_alias_example_alias_producer_with_no_taskflow
[2025-03-22T12:41:17.557+0000] {logging_mixin.py:190} INFO - [2025-03-22T12:41:17.556+0000] {dag.py:3262} INFO - Creating ORM DAG for dataset_alias_example_alias_consumer_with_no_taskflow
[2025-03-22T12:41:17.557+0000] {logging_mixin.py:190} INFO - [2025-03-22T12:41:17.557+0000] {dag.py:3262} INFO - Creating ORM DAG for dataset_s3_bucket_producer_with_no_taskflow
[2025-03-22T12:41:17.568+0000] {logging_mixin.py:190} INFO - [2025-03-22T12:41:17.568+0000] {dag.py:4180} INFO - Setting next_dagrun for dataset_alias_example_alias_consumer_with_no_taskflow to None, run_after=None
[2025-03-22T12:41:17.569+0000] {logging_mixin.py:190} INFO - [2025-03-22T12:41:17.569+0000] {dag.py:4180} INFO - Setting next_dagrun for dataset_alias_example_alias_producer_with_no_taskflow to None, run_after=None
[2025-03-22T12:41:17.570+0000] {logging_mixin.py:190} INFO - [2025-03-22T12:41:17.570+0000] {dag.py:4180} INFO - Setting next_dagrun for dataset_s3_bucket_consumer_with_no_taskflow to None, run_after=None
[2025-03-22T12:41:17.570+0000] {logging_mixin.py:190} INFO - [2025-03-22T12:41:17.570+0000] {dag.py:4180} INFO - Setting next_dagrun for dataset_s3_bucket_producer_with_no_taskflow to None, run_after=None
[2025-03-22T12:41:17.600+0000] {processor.py:208} INFO - Processing /home/airflow/.local/lib/python3.12/site-packages/airflow/example_dags/example_dataset_alias_with_no_taskflow.py took 1.100 seconds
