[2025-03-22T12:41:17.558+0000] {processor.py:186} INFO - Started process (PID=110) to work on /home/airflow/.local/lib/python3.12/site-packages/airflow/example_dags/example_external_task_marker_dag.py
[2025-03-22T12:41:17.559+0000] {processor.py:914} INFO - Processing file /home/airflow/.local/lib/python3.12/site-packages/airflow/example_dags/example_external_task_marker_dag.py for tasks to queue
[2025-03-22T12:41:17.562+0000] {logging_mixin.py:190} INFO - [2025-03-22T12:41:17.562+0000] {dagbag.py:588} INFO - Filling up the DagBag from /home/airflow/.local/lib/python3.12/site-packages/airflow/example_dags/example_external_task_marker_dag.py
[2025-03-22T12:41:17.572+0000] {processor.py:925} INFO - DAG(s) 'example_external_task_marker_parent', 'example_external_task_marker_child' retrieved from /home/airflow/.local/lib/python3.12/site-packages/airflow/example_dags/example_external_task_marker_dag.py
[2025-03-22T12:41:17.689+0000] {logging_mixin.py:190} INFO - [2025-03-22T12:41:17.688+0000] {override.py:1912} INFO - Created Permission View: can read on DAG:example_external_task_marker_parent
[2025-03-22T12:41:17.699+0000] {logging_mixin.py:190} INFO - [2025-03-22T12:41:17.698+0000] {override.py:1912} INFO - Created Permission View: can edit on DAG:example_external_task_marker_parent
[2025-03-22T12:41:17.704+0000] {logging_mixin.py:190} INFO - [2025-03-22T12:41:17.704+0000] {override.py:1912} INFO - Created Permission View: can delete on DAG:example_external_task_marker_parent
[2025-03-22T12:41:17.710+0000] {logging_mixin.py:190} INFO - [2025-03-22T12:41:17.710+0000] {override.py:1912} INFO - Created Permission View: menu access on DAG Run:example_external_task_marker_parent
[2025-03-22T12:41:17.716+0000] {logging_mixin.py:190} INFO - [2025-03-22T12:41:17.716+0000] {override.py:1912} INFO - Created Permission View: can read on DAG Run:example_external_task_marker_parent
[2025-03-22T12:41:17.722+0000] {logging_mixin.py:190} INFO - [2025-03-22T12:41:17.721+0000] {override.py:1912} INFO - Created Permission View: can create on DAG Run:example_external_task_marker_parent
[2025-03-22T12:41:17.727+0000] {logging_mixin.py:190} INFO - [2025-03-22T12:41:17.727+0000] {override.py:1912} INFO - Created Permission View: can delete on DAG Run:example_external_task_marker_parent
[2025-03-22T12:41:17.741+0000] {logging_mixin.py:190} INFO - [2025-03-22T12:41:17.741+0000] {override.py:1912} INFO - Created Permission View: can read on DAG:example_external_task_marker_child
[2025-03-22T12:41:17.749+0000] {logging_mixin.py:190} INFO - [2025-03-22T12:41:17.748+0000] {override.py:1912} INFO - Created Permission View: can edit on DAG:example_external_task_marker_child
[2025-03-22T12:41:17.755+0000] {logging_mixin.py:190} INFO - [2025-03-22T12:41:17.755+0000] {override.py:1912} INFO - Created Permission View: can delete on DAG:example_external_task_marker_child
[2025-03-22T12:41:17.762+0000] {logging_mixin.py:190} INFO - [2025-03-22T12:41:17.761+0000] {override.py:1912} INFO - Created Permission View: menu access on DAG Run:example_external_task_marker_child
[2025-03-22T12:41:17.768+0000] {logging_mixin.py:190} INFO - [2025-03-22T12:41:17.767+0000] {override.py:1912} INFO - Created Permission View: can read on DAG Run:example_external_task_marker_child
[2025-03-22T12:41:17.774+0000] {logging_mixin.py:190} INFO - [2025-03-22T12:41:17.773+0000] {override.py:1912} INFO - Created Permission View: can create on DAG Run:example_external_task_marker_child
[2025-03-22T12:41:17.780+0000] {logging_mixin.py:190} INFO - [2025-03-22T12:41:17.780+0000] {override.py:1912} INFO - Created Permission View: can delete on DAG Run:example_external_task_marker_child
[2025-03-22T12:41:17.781+0000] {logging_mixin.py:190} INFO - [2025-03-22T12:41:17.780+0000] {dag.py:3239} INFO - Sync 2 DAGs
[2025-03-22T12:41:17.796+0000] {logging_mixin.py:190} INFO - [2025-03-22T12:41:17.795+0000] {dag.py:3262} INFO - Creating ORM DAG for example_external_task_marker_parent
[2025-03-22T12:41:17.797+0000] {logging_mixin.py:190} INFO - [2025-03-22T12:41:17.796+0000] {dag.py:3262} INFO - Creating ORM DAG for example_external_task_marker_child
[2025-03-22T12:41:17.797+0000] {logging_mixin.py:190} INFO - [2025-03-22T12:41:17.797+0000] {dag.py:4180} INFO - Setting next_dagrun for example_external_task_marker_child to None, run_after=None
[2025-03-22T12:41:17.798+0000] {logging_mixin.py:190} INFO - [2025-03-22T12:41:17.798+0000] {dag.py:4180} INFO - Setting next_dagrun for example_external_task_marker_parent to None, run_after=None
[2025-03-22T12:41:17.817+0000] {processor.py:208} INFO - Processing /home/airflow/.local/lib/python3.12/site-packages/airflow/example_dags/example_external_task_marker_dag.py took 0.266 seconds
