[2025-03-22T12:41:06.737+0000] {processor.py:186} INFO - Started process (PID=84) to work on /home/airflow/.local/lib/python3.12/site-packages/airflow/example_dags/example_setup_teardown_taskflow.py
[2025-03-22T12:41:06.737+0000] {processor.py:914} INFO - Processing file /home/airflow/.local/lib/python3.12/site-packages/airflow/example_dags/example_setup_teardown_taskflow.py for tasks to queue
[2025-03-22T12:41:06.741+0000] {logging_mixin.py:190} INFO - [2025-03-22T12:41:06.740+0000] {dagbag.py:588} INFO - Filling up the DagBag from /home/airflow/.local/lib/python3.12/site-packages/airflow/example_dags/example_setup_teardown_taskflow.py
[2025-03-22T12:41:06.759+0000] {processor.py:925} INFO - DAG(s) 'example_setup_teardown_taskflow' retrieved from /home/airflow/.local/lib/python3.12/site-packages/airflow/example_dags/example_setup_teardown_taskflow.py
[2025-03-22T12:41:07.208+0000] {logging_mixin.py:190} INFO - [2025-03-22T12:41:07.207+0000] {override.py:1912} INFO - Created Permission View: can read on DAG:example_setup_teardown_taskflow
[2025-03-22T12:41:07.251+0000] {logging_mixin.py:190} INFO - [2025-03-22T12:41:07.250+0000] {override.py:1912} INFO - Created Permission View: can edit on DAG:example_setup_teardown_taskflow
[2025-03-22T12:41:07.279+0000] {logging_mixin.py:190} INFO - [2025-03-22T12:41:07.278+0000] {override.py:1912} INFO - Created Permission View: can delete on DAG:example_setup_teardown_taskflow
[2025-03-22T12:41:07.300+0000] {logging_mixin.py:190} INFO - [2025-03-22T12:41:07.299+0000] {override.py:1912} INFO - Created Permission View: menu access on DAG Run:example_setup_teardown_taskflow
[2025-03-22T12:41:07.320+0000] {logging_mixin.py:190} INFO - [2025-03-22T12:41:07.320+0000] {override.py:1912} INFO - Created Permission View: can read on DAG Run:example_setup_teardown_taskflow
[2025-03-22T12:41:07.345+0000] {logging_mixin.py:190} INFO - [2025-03-22T12:41:07.345+0000] {override.py:1912} INFO - Created Permission View: can create on DAG Run:example_setup_teardown_taskflow
[2025-03-22T12:41:07.370+0000] {logging_mixin.py:190} INFO - [2025-03-22T12:41:07.370+0000] {override.py:1912} INFO - Created Permission View: can delete on DAG Run:example_setup_teardown_taskflow
[2025-03-22T12:41:07.373+0000] {logging_mixin.py:190} INFO - [2025-03-22T12:41:07.372+0000] {dag.py:3239} INFO - Sync 1 DAGs
[2025-03-22T12:41:07.424+0000] {logging_mixin.py:190} INFO - [2025-03-22T12:41:07.424+0000] {dag.py:3262} INFO - Creating ORM DAG for example_setup_teardown_taskflow
[2025-03-22T12:41:07.429+0000] {logging_mixin.py:190} INFO - [2025-03-22T12:41:07.429+0000] {dag.py:4180} INFO - Setting next_dagrun for example_setup_teardown_taskflow to None, run_after=None
[2025-03-22T12:41:07.486+0000] {processor.py:208} INFO - Processing /home/airflow/.local/lib/python3.12/site-packages/airflow/example_dags/example_setup_teardown_taskflow.py took 0.756 seconds
[2025-03-22T12:41:37.814+0000] {processor.py:186} INFO - Started process (PID=147) to work on /home/airflow/.local/lib/python3.12/site-packages/airflow/example_dags/example_setup_teardown_taskflow.py
[2025-03-22T12:41:37.815+0000] {processor.py:914} INFO - Processing file /home/airflow/.local/lib/python3.12/site-packages/airflow/example_dags/example_setup_teardown_taskflow.py for tasks to queue
[2025-03-22T12:41:37.818+0000] {logging_mixin.py:190} INFO - [2025-03-22T12:41:37.818+0000] {dagbag.py:588} INFO - Filling up the DagBag from /home/airflow/.local/lib/python3.12/site-packages/airflow/example_dags/example_setup_teardown_taskflow.py
[2025-03-22T12:41:37.829+0000] {processor.py:925} INFO - DAG(s) 'example_setup_teardown_taskflow' retrieved from /home/airflow/.local/lib/python3.12/site-packages/airflow/example_dags/example_setup_teardown_taskflow.py
[2025-03-22T12:41:37.854+0000] {logging_mixin.py:190} INFO - [2025-03-22T12:41:37.854+0000] {dag.py:3239} INFO - Sync 1 DAGs
[2025-03-22T12:41:37.873+0000] {logging_mixin.py:190} INFO - [2025-03-22T12:41:37.873+0000] {dag.py:4180} INFO - Setting next_dagrun for example_setup_teardown_taskflow to None, run_after=None
[2025-03-22T12:41:37.894+0000] {processor.py:208} INFO - Processing /home/airflow/.local/lib/python3.12/site-packages/airflow/example_dags/example_setup_teardown_taskflow.py took 0.095 seconds
