[2025-03-22T12:41:08.334+0000] {processor.py:186} INFO - Started process (PID=87) to work on /home/airflow/.local/lib/python3.12/site-packages/airflow/example_dags/example_skip_dag.py
[2025-03-22T12:41:08.335+0000] {processor.py:914} INFO - Processing file /home/airflow/.local/lib/python3.12/site-packages/airflow/example_dags/example_skip_dag.py for tasks to queue
[2025-03-22T12:41:08.340+0000] {logging_mixin.py:190} INFO - [2025-03-22T12:41:08.339+0000] {dagbag.py:588} INFO - Filling up the DagBag from /home/airflow/.local/lib/python3.12/site-packages/airflow/example_dags/example_skip_dag.py
[2025-03-22T12:41:08.365+0000] {processor.py:925} INFO - DAG(s) 'example_skip_dag' retrieved from /home/airflow/.local/lib/python3.12/site-packages/airflow/example_dags/example_skip_dag.py
[2025-03-22T12:41:08.843+0000] {logging_mixin.py:190} INFO - [2025-03-22T12:41:08.842+0000] {override.py:1912} INFO - Created Permission View: can read on DAG:example_skip_dag
[2025-03-22T12:41:08.890+0000] {logging_mixin.py:190} INFO - [2025-03-22T12:41:08.888+0000] {override.py:1912} INFO - Created Permission View: can edit on DAG:example_skip_dag
[2025-03-22T12:41:08.919+0000] {logging_mixin.py:190} INFO - [2025-03-22T12:41:08.918+0000] {override.py:1912} INFO - Created Permission View: can delete on DAG:example_skip_dag
[2025-03-22T12:41:08.942+0000] {logging_mixin.py:190} INFO - [2025-03-22T12:41:08.942+0000] {override.py:1912} INFO - Created Permission View: menu access on DAG Run:example_skip_dag
[2025-03-22T12:41:08.960+0000] {logging_mixin.py:190} INFO - [2025-03-22T12:41:08.959+0000] {override.py:1912} INFO - Created Permission View: can read on DAG Run:example_skip_dag
[2025-03-22T12:41:08.978+0000] {logging_mixin.py:190} INFO - [2025-03-22T12:41:08.978+0000] {override.py:1912} INFO - Created Permission View: can create on DAG Run:example_skip_dag
[2025-03-22T12:41:08.996+0000] {logging_mixin.py:190} INFO - [2025-03-22T12:41:08.995+0000] {override.py:1912} INFO - Created Permission View: can delete on DAG Run:example_skip_dag
[2025-03-22T12:41:08.999+0000] {logging_mixin.py:190} INFO - [2025-03-22T12:41:08.999+0000] {dag.py:3239} INFO - Sync 1 DAGs
[2025-03-22T12:41:09.056+0000] {logging_mixin.py:190} INFO - [2025-03-22T12:41:09.055+0000] {dag.py:3262} INFO - Creating ORM DAG for example_skip_dag
[2025-03-22T12:41:09.093+0000] {logging_mixin.py:190} INFO - [2025-03-22T12:41:09.093+0000] {dag.py:4180} INFO - Setting next_dagrun for example_skip_dag to 2025-03-21 00:00:00+00:00, run_after=2025-03-22 00:00:00+00:00
[2025-03-22T12:41:09.152+0000] {processor.py:208} INFO - Processing /home/airflow/.local/lib/python3.12/site-packages/airflow/example_dags/example_skip_dag.py took 0.825 seconds
[2025-03-22T12:41:40.049+0000] {processor.py:186} INFO - Started process (PID=150) to work on /home/airflow/.local/lib/python3.12/site-packages/airflow/example_dags/example_skip_dag.py
[2025-03-22T12:41:40.050+0000] {processor.py:914} INFO - Processing file /home/airflow/.local/lib/python3.12/site-packages/airflow/example_dags/example_skip_dag.py for tasks to queue
[2025-03-22T12:41:40.053+0000] {logging_mixin.py:190} INFO - [2025-03-22T12:41:40.052+0000] {dagbag.py:588} INFO - Filling up the DagBag from /home/airflow/.local/lib/python3.12/site-packages/airflow/example_dags/example_skip_dag.py
[2025-03-22T12:41:40.063+0000] {processor.py:925} INFO - DAG(s) 'example_skip_dag' retrieved from /home/airflow/.local/lib/python3.12/site-packages/airflow/example_dags/example_skip_dag.py
[2025-03-22T12:41:40.088+0000] {logging_mixin.py:190} INFO - [2025-03-22T12:41:40.087+0000] {dag.py:3239} INFO - Sync 1 DAGs
[2025-03-22T12:41:40.115+0000] {logging_mixin.py:190} INFO - [2025-03-22T12:41:40.115+0000] {dag.py:4180} INFO - Setting next_dagrun for example_skip_dag to 2025-03-21 00:00:00+00:00, run_after=2025-03-22 00:00:00+00:00
[2025-03-22T12:41:40.134+0000] {processor.py:208} INFO - Processing /home/airflow/.local/lib/python3.12/site-packages/airflow/example_dags/example_skip_dag.py took 0.090 seconds
