[2025-03-22T12:41:06.436+0000] {processor.py:186} INFO - Started process (PID=81) to work on /home/airflow/.local/lib/python3.12/site-packages/airflow/example_dags/example_setup_teardown.py
[2025-03-22T12:41:06.437+0000] {processor.py:914} INFO - Processing file /home/airflow/.local/lib/python3.12/site-packages/airflow/example_dags/example_setup_teardown.py for tasks to queue
[2025-03-22T12:41:06.439+0000] {logging_mixin.py:190} INFO - [2025-03-22T12:41:06.439+0000] {dagbag.py:588} INFO - Filling up the DagBag from /home/airflow/.local/lib/python3.12/site-packages/airflow/example_dags/example_setup_teardown.py
[2025-03-22T12:41:06.448+0000] {processor.py:925} INFO - DAG(s) 'example_setup_teardown' retrieved from /home/airflow/.local/lib/python3.12/site-packages/airflow/example_dags/example_setup_teardown.py
[2025-03-22T12:41:06.568+0000] {logging_mixin.py:190} INFO - [2025-03-22T12:41:06.567+0000] {override.py:1912} INFO - Created Permission View: can read on DAG:example_setup_teardown
[2025-03-22T12:41:06.577+0000] {logging_mixin.py:190} INFO - [2025-03-22T12:41:06.577+0000] {override.py:1912} INFO - Created Permission View: can edit on DAG:example_setup_teardown
[2025-03-22T12:41:06.583+0000] {logging_mixin.py:190} INFO - [2025-03-22T12:41:06.583+0000] {override.py:1912} INFO - Created Permission View: can delete on DAG:example_setup_teardown
[2025-03-22T12:41:06.589+0000] {logging_mixin.py:190} INFO - [2025-03-22T12:41:06.588+0000] {override.py:1912} INFO - Created Permission View: menu access on DAG Run:example_setup_teardown
[2025-03-22T12:41:06.594+0000] {logging_mixin.py:190} INFO - [2025-03-22T12:41:06.594+0000] {override.py:1912} INFO - Created Permission View: can read on DAG Run:example_setup_teardown
[2025-03-22T12:41:06.602+0000] {logging_mixin.py:190} INFO - [2025-03-22T12:41:06.601+0000] {override.py:1912} INFO - Created Permission View: can create on DAG Run:example_setup_teardown
[2025-03-22T12:41:06.607+0000] {logging_mixin.py:190} INFO - [2025-03-22T12:41:06.607+0000] {override.py:1912} INFO - Created Permission View: can delete on DAG Run:example_setup_teardown
[2025-03-22T12:41:06.608+0000] {logging_mixin.py:190} INFO - [2025-03-22T12:41:06.608+0000] {dag.py:3239} INFO - Sync 1 DAGs
[2025-03-22T12:41:06.623+0000] {logging_mixin.py:190} INFO - [2025-03-22T12:41:06.623+0000] {dag.py:3262} INFO - Creating ORM DAG for example_setup_teardown
[2025-03-22T12:41:06.624+0000] {logging_mixin.py:190} INFO - [2025-03-22T12:41:06.623+0000] {dag.py:4180} INFO - Setting next_dagrun for example_setup_teardown to None, run_after=None
[2025-03-22T12:41:06.639+0000] {processor.py:208} INFO - Processing /home/airflow/.local/lib/python3.12/site-packages/airflow/example_dags/example_setup_teardown.py took 0.209 seconds
[2025-03-22T12:41:37.473+0000] {processor.py:186} INFO - Started process (PID=144) to work on /home/airflow/.local/lib/python3.12/site-packages/airflow/example_dags/example_setup_teardown.py
[2025-03-22T12:41:37.474+0000] {processor.py:914} INFO - Processing file /home/airflow/.local/lib/python3.12/site-packages/airflow/example_dags/example_setup_teardown.py for tasks to queue
[2025-03-22T12:41:37.476+0000] {logging_mixin.py:190} INFO - [2025-03-22T12:41:37.476+0000] {dagbag.py:588} INFO - Filling up the DagBag from /home/airflow/.local/lib/python3.12/site-packages/airflow/example_dags/example_setup_teardown.py
[2025-03-22T12:41:37.485+0000] {processor.py:925} INFO - DAG(s) 'example_setup_teardown' retrieved from /home/airflow/.local/lib/python3.12/site-packages/airflow/example_dags/example_setup_teardown.py
[2025-03-22T12:41:37.506+0000] {logging_mixin.py:190} INFO - [2025-03-22T12:41:37.506+0000] {dag.py:3239} INFO - Sync 1 DAGs
[2025-03-22T12:41:37.523+0000] {logging_mixin.py:190} INFO - [2025-03-22T12:41:37.523+0000] {dag.py:4180} INFO - Setting next_dagrun for example_setup_teardown to None, run_after=None
[2025-03-22T12:41:37.540+0000] {processor.py:208} INFO - Processing /home/airflow/.local/lib/python3.12/site-packages/airflow/example_dags/example_setup_teardown.py took 0.072 seconds
