[2025-03-22T12:41:03.631+0000] {processor.py:186} INFO - Started process (PID=66) to work on /home/airflow/.local/lib/python3.12/site-packages/airflow/example_dags/example_dataset_alias.py
[2025-03-22T12:41:03.631+0000] {processor.py:914} INFO - Processing file /home/airflow/.local/lib/python3.12/site-packages/airflow/example_dags/example_dataset_alias.py for tasks to queue
[2025-03-22T12:41:03.633+0000] {logging_mixin.py:190} INFO - [2025-03-22T12:41:03.633+0000] {dagbag.py:588} INFO - Filling up the DagBag from /home/airflow/.local/lib/python3.12/site-packages/airflow/example_dags/example_dataset_alias.py
[2025-03-22T12:41:05.728+0000] {processor.py:925} INFO - DAG(s) 'dataset_alias_example_alias_consumer', 'dataset_s3_bucket_producer', 'dataset_alias_example_alias_producer', 'dataset_s3_bucket_consumer' retrieved from /home/airflow/.local/lib/python3.12/site-packages/airflow/example_dags/example_dataset_alias.py
[2025-03-22T12:41:05.842+0000] {logging_mixin.py:190} INFO - [2025-03-22T12:41:05.841+0000] {override.py:1912} INFO - Created Permission View: can read on DAG:dataset_alias_example_alias_consumer
[2025-03-22T12:41:05.854+0000] {logging_mixin.py:190} INFO - [2025-03-22T12:41:05.854+0000] {override.py:1912} INFO - Created Permission View: can edit on DAG:dataset_alias_example_alias_consumer
[2025-03-22T12:41:05.860+0000] {logging_mixin.py:190} INFO - [2025-03-22T12:41:05.860+0000] {override.py:1912} INFO - Created Permission View: can delete on DAG:dataset_alias_example_alias_consumer
[2025-03-22T12:41:05.866+0000] {logging_mixin.py:190} INFO - [2025-03-22T12:41:05.865+0000] {override.py:1912} INFO - Created Permission View: menu access on DAG Run:dataset_alias_example_alias_consumer
[2025-03-22T12:41:05.871+0000] {logging_mixin.py:190} INFO - [2025-03-22T12:41:05.871+0000] {override.py:1912} INFO - Created Permission View: can read on DAG Run:dataset_alias_example_alias_consumer
[2025-03-22T12:41:05.876+0000] {logging_mixin.py:190} INFO - [2025-03-22T12:41:05.876+0000] {override.py:1912} INFO - Created Permission View: can create on DAG Run:dataset_alias_example_alias_consumer
[2025-03-22T12:41:05.882+0000] {logging_mixin.py:190} INFO - [2025-03-22T12:41:05.881+0000] {override.py:1912} INFO - Created Permission View: can delete on DAG Run:dataset_alias_example_alias_consumer
[2025-03-22T12:41:05.893+0000] {logging_mixin.py:190} INFO - [2025-03-22T12:41:05.892+0000] {override.py:1912} INFO - Created Permission View: can read on DAG:dataset_s3_bucket_producer
[2025-03-22T12:41:05.899+0000] {logging_mixin.py:190} INFO - [2025-03-22T12:41:05.898+0000] {override.py:1912} INFO - Created Permission View: can edit on DAG:dataset_s3_bucket_producer
[2025-03-22T12:41:05.905+0000] {logging_mixin.py:190} INFO - [2025-03-22T12:41:05.905+0000] {override.py:1912} INFO - Created Permission View: can delete on DAG:dataset_s3_bucket_producer
[2025-03-22T12:41:05.911+0000] {logging_mixin.py:190} INFO - [2025-03-22T12:41:05.911+0000] {override.py:1912} INFO - Created Permission View: menu access on DAG Run:dataset_s3_bucket_producer
[2025-03-22T12:41:05.917+0000] {logging_mixin.py:190} INFO - [2025-03-22T12:41:05.916+0000] {override.py:1912} INFO - Created Permission View: can read on DAG Run:dataset_s3_bucket_producer
[2025-03-22T12:41:05.922+0000] {logging_mixin.py:190} INFO - [2025-03-22T12:41:05.922+0000] {override.py:1912} INFO - Created Permission View: can create on DAG Run:dataset_s3_bucket_producer
[2025-03-22T12:41:05.928+0000] {logging_mixin.py:190} INFO - [2025-03-22T12:41:05.928+0000] {override.py:1912} INFO - Created Permission View: can delete on DAG Run:dataset_s3_bucket_producer
[2025-03-22T12:41:05.940+0000] {logging_mixin.py:190} INFO - [2025-03-22T12:41:05.940+0000] {override.py:1912} INFO - Created Permission View: can read on DAG:dataset_alias_example_alias_producer
[2025-03-22T12:41:05.946+0000] {logging_mixin.py:190} INFO - [2025-03-22T12:41:05.946+0000] {override.py:1912} INFO - Created Permission View: can edit on DAG:dataset_alias_example_alias_producer
[2025-03-22T12:41:05.952+0000] {logging_mixin.py:190} INFO - [2025-03-22T12:41:05.952+0000] {override.py:1912} INFO - Created Permission View: can delete on DAG:dataset_alias_example_alias_producer
[2025-03-22T12:41:05.958+0000] {logging_mixin.py:190} INFO - [2025-03-22T12:41:05.958+0000] {override.py:1912} INFO - Created Permission View: menu access on DAG Run:dataset_alias_example_alias_producer
[2025-03-22T12:41:05.964+0000] {logging_mixin.py:190} INFO - [2025-03-22T12:41:05.964+0000] {override.py:1912} INFO - Created Permission View: can read on DAG Run:dataset_alias_example_alias_producer
[2025-03-22T12:41:05.970+0000] {logging_mixin.py:190} INFO - [2025-03-22T12:41:05.970+0000] {override.py:1912} INFO - Created Permission View: can create on DAG Run:dataset_alias_example_alias_producer
[2025-03-22T12:41:05.976+0000] {logging_mixin.py:190} INFO - [2025-03-22T12:41:05.975+0000] {override.py:1912} INFO - Created Permission View: can delete on DAG Run:dataset_alias_example_alias_producer
[2025-03-22T12:41:05.997+0000] {logging_mixin.py:190} INFO - [2025-03-22T12:41:05.997+0000] {override.py:1912} INFO - Created Permission View: can read on DAG:dataset_s3_bucket_consumer
[2025-03-22T12:41:06.004+0000] {logging_mixin.py:190} INFO - [2025-03-22T12:41:06.004+0000] {override.py:1912} INFO - Created Permission View: can edit on DAG:dataset_s3_bucket_consumer
[2025-03-22T12:41:06.011+0000] {logging_mixin.py:190} INFO - [2025-03-22T12:41:06.011+0000] {override.py:1912} INFO - Created Permission View: can delete on DAG:dataset_s3_bucket_consumer
[2025-03-22T12:41:06.019+0000] {logging_mixin.py:190} INFO - [2025-03-22T12:41:06.018+0000] {override.py:1912} INFO - Created Permission View: menu access on DAG Run:dataset_s3_bucket_consumer
[2025-03-22T12:41:06.027+0000] {logging_mixin.py:190} INFO - [2025-03-22T12:41:06.027+0000] {override.py:1912} INFO - Created Permission View: can read on DAG Run:dataset_s3_bucket_consumer
[2025-03-22T12:41:06.034+0000] {logging_mixin.py:190} INFO - [2025-03-22T12:41:06.033+0000] {override.py:1912} INFO - Created Permission View: can create on DAG Run:dataset_s3_bucket_consumer
[2025-03-22T12:41:06.041+0000] {logging_mixin.py:190} INFO - [2025-03-22T12:41:06.040+0000] {override.py:1912} INFO - Created Permission View: can delete on DAG Run:dataset_s3_bucket_consumer
[2025-03-22T12:41:06.042+0000] {logging_mixin.py:190} INFO - [2025-03-22T12:41:06.041+0000] {dag.py:3239} INFO - Sync 4 DAGs
[2025-03-22T12:41:06.062+0000] {logging_mixin.py:190} INFO - [2025-03-22T12:41:06.061+0000] {dag.py:3262} INFO - Creating ORM DAG for dataset_s3_bucket_producer
[2025-03-22T12:41:06.063+0000] {logging_mixin.py:190} INFO - [2025-03-22T12:41:06.063+0000] {dag.py:3262} INFO - Creating ORM DAG for dataset_alias_example_alias_producer
[2025-03-22T12:41:06.066+0000] {logging_mixin.py:190} INFO - [2025-03-22T12:41:06.066+0000] {dag.py:3262} INFO - Creating ORM DAG for dataset_alias_example_alias_consumer
[2025-03-22T12:41:06.067+0000] {logging_mixin.py:190} INFO - [2025-03-22T12:41:06.066+0000] {dag.py:3262} INFO - Creating ORM DAG for dataset_s3_bucket_consumer
[2025-03-22T12:41:06.078+0000] {logging_mixin.py:190} INFO - [2025-03-22T12:41:06.078+0000] {dag.py:4180} INFO - Setting next_dagrun for dataset_alias_example_alias_consumer to None, run_after=None
[2025-03-22T12:41:06.080+0000] {logging_mixin.py:190} INFO - [2025-03-22T12:41:06.079+0000] {dag.py:4180} INFO - Setting next_dagrun for dataset_alias_example_alias_producer to None, run_after=None
[2025-03-22T12:41:06.080+0000] {logging_mixin.py:190} INFO - [2025-03-22T12:41:06.080+0000] {dag.py:4180} INFO - Setting next_dagrun for dataset_s3_bucket_consumer to None, run_after=None
[2025-03-22T12:41:06.081+0000] {logging_mixin.py:190} INFO - [2025-03-22T12:41:06.081+0000] {dag.py:4180} INFO - Setting next_dagrun for dataset_s3_bucket_producer to None, run_after=None
[2025-03-22T12:41:06.110+0000] {processor.py:208} INFO - Processing /home/airflow/.local/lib/python3.12/site-packages/airflow/example_dags/example_dataset_alias.py took 2.484 seconds
[2025-03-22T12:41:37.073+0000] {processor.py:186} INFO - Started process (PID=140) to work on /home/airflow/.local/lib/python3.12/site-packages/airflow/example_dags/example_dataset_alias.py
[2025-03-22T12:41:37.074+0000] {processor.py:914} INFO - Processing file /home/airflow/.local/lib/python3.12/site-packages/airflow/example_dags/example_dataset_alias.py for tasks to queue
[2025-03-22T12:41:37.076+0000] {logging_mixin.py:190} INFO - [2025-03-22T12:41:37.076+0000] {dagbag.py:588} INFO - Filling up the DagBag from /home/airflow/.local/lib/python3.12/site-packages/airflow/example_dags/example_dataset_alias.py
[2025-03-22T12:41:37.918+0000] {processor.py:925} INFO - DAG(s) 'dataset_s3_bucket_producer', 'dataset_alias_example_alias_producer', 'dataset_alias_example_alias_consumer', 'dataset_s3_bucket_consumer' retrieved from /home/airflow/.local/lib/python3.12/site-packages/airflow/example_dags/example_dataset_alias.py
[2025-03-22T12:41:37.933+0000] {logging_mixin.py:190} INFO - [2025-03-22T12:41:37.933+0000] {dag.py:3239} INFO - Sync 4 DAGs
[2025-03-22T12:41:37.949+0000] {logging_mixin.py:190} INFO - [2025-03-22T12:41:37.949+0000] {dag.py:4180} INFO - Setting next_dagrun for dataset_alias_example_alias_consumer to None, run_after=None
[2025-03-22T12:41:37.951+0000] {logging_mixin.py:190} INFO - [2025-03-22T12:41:37.951+0000] {dag.py:4180} INFO - Setting next_dagrun for dataset_alias_example_alias_producer to None, run_after=None
[2025-03-22T12:41:37.953+0000] {logging_mixin.py:190} INFO - [2025-03-22T12:41:37.953+0000] {dag.py:4180} INFO - Setting next_dagrun for dataset_s3_bucket_consumer to None, run_after=None
[2025-03-22T12:41:37.954+0000] {logging_mixin.py:190} INFO - [2025-03-22T12:41:37.954+0000] {dag.py:4180} INFO - Setting next_dagrun for dataset_s3_bucket_producer to None, run_after=None
[2025-03-22T12:41:37.969+0000] {processor.py:208} INFO - Processing /home/airflow/.local/lib/python3.12/site-packages/airflow/example_dags/example_dataset_alias.py took 0.902 seconds
