[2025-03-22T12:41:04.329+0000] {processor.py:186} INFO - Started process (PID=67) to work on /home/airflow/.local/lib/python3.12/site-packages/airflow/example_dags/example_branch_datetime_operator.py
[2025-03-22T12:41:04.330+0000] {processor.py:914} INFO - Processing file /home/airflow/.local/lib/python3.12/site-packages/airflow/example_dags/example_branch_datetime_operator.py for tasks to queue
[2025-03-22T12:41:04.333+0000] {logging_mixin.py:190} INFO - [2025-03-22T12:41:04.333+0000] {dagbag.py:588} INFO - Filling up the DagBag from /home/airflow/.local/lib/python3.12/site-packages/airflow/example_dags/example_branch_datetime_operator.py
[2025-03-22T12:41:04.350+0000] {processor.py:925} INFO - DAG(s) 'example_branch_datetime_operator_2', 'example_branch_datetime_operator_3', 'example_branch_datetime_operator' retrieved from /home/airflow/.local/lib/python3.12/site-packages/airflow/example_dags/example_branch_datetime_operator.py
[2025-03-22T12:41:04.488+0000] {logging_mixin.py:190} INFO - [2025-03-22T12:41:04.487+0000] {override.py:1912} INFO - Created Permission View: can read on DAG:example_branch_datetime_operator_2
[2025-03-22T12:41:04.506+0000] {logging_mixin.py:190} INFO - [2025-03-22T12:41:04.505+0000] {override.py:1912} INFO - Created Permission View: can edit on DAG:example_branch_datetime_operator_2
[2025-03-22T12:41:04.516+0000] {logging_mixin.py:190} INFO - [2025-03-22T12:41:04.516+0000] {override.py:1912} INFO - Created Permission View: can delete on DAG:example_branch_datetime_operator_2
[2025-03-22T12:41:04.528+0000] {logging_mixin.py:190} INFO - [2025-03-22T12:41:04.527+0000] {override.py:1912} INFO - Created Permission View: menu access on DAG Run:example_branch_datetime_operator_2
[2025-03-22T12:41:04.538+0000] {logging_mixin.py:190} INFO - [2025-03-22T12:41:04.538+0000] {override.py:1912} INFO - Created Permission View: can read on DAG Run:example_branch_datetime_operator_2
[2025-03-22T12:41:04.544+0000] {logging_mixin.py:190} INFO - [2025-03-22T12:41:04.543+0000] {override.py:1912} INFO - Created Permission View: can create on DAG Run:example_branch_datetime_operator_2
[2025-03-22T12:41:04.550+0000] {logging_mixin.py:190} INFO - [2025-03-22T12:41:04.550+0000] {override.py:1912} INFO - Created Permission View: can delete on DAG Run:example_branch_datetime_operator_2
[2025-03-22T12:41:04.605+0000] {logging_mixin.py:190} INFO - [2025-03-22T12:41:04.605+0000] {override.py:1912} INFO - Created Permission View: can read on DAG:example_branch_datetime_operator_3
[2025-03-22T12:41:04.615+0000] {logging_mixin.py:190} INFO - [2025-03-22T12:41:04.615+0000] {override.py:1912} INFO - Created Permission View: can edit on DAG:example_branch_datetime_operator_3
[2025-03-22T12:41:04.638+0000] {logging_mixin.py:190} INFO - [2025-03-22T12:41:04.637+0000] {override.py:1912} INFO - Created Permission View: can delete on DAG:example_branch_datetime_operator_3
[2025-03-22T12:41:04.650+0000] {logging_mixin.py:190} INFO - [2025-03-22T12:41:04.649+0000] {override.py:1912} INFO - Created Permission View: menu access on DAG Run:example_branch_datetime_operator_3
[2025-03-22T12:41:04.655+0000] {logging_mixin.py:190} INFO - [2025-03-22T12:41:04.655+0000] {override.py:1912} INFO - Created Permission View: can read on DAG Run:example_branch_datetime_operator_3
[2025-03-22T12:41:04.663+0000] {logging_mixin.py:190} INFO - [2025-03-22T12:41:04.662+0000] {override.py:1912} INFO - Created Permission View: can create on DAG Run:example_branch_datetime_operator_3
[2025-03-22T12:41:04.671+0000] {logging_mixin.py:190} INFO - [2025-03-22T12:41:04.671+0000] {override.py:1912} INFO - Created Permission View: can delete on DAG Run:example_branch_datetime_operator_3
[2025-03-22T12:41:04.683+0000] {logging_mixin.py:190} INFO - [2025-03-22T12:41:04.683+0000] {override.py:1912} INFO - Created Permission View: can read on DAG:example_branch_datetime_operator
[2025-03-22T12:41:04.689+0000] {logging_mixin.py:190} INFO - [2025-03-22T12:41:04.689+0000] {override.py:1912} INFO - Created Permission View: can edit on DAG:example_branch_datetime_operator
[2025-03-22T12:41:04.695+0000] {logging_mixin.py:190} INFO - [2025-03-22T12:41:04.695+0000] {override.py:1912} INFO - Created Permission View: can delete on DAG:example_branch_datetime_operator
[2025-03-22T12:41:04.700+0000] {logging_mixin.py:190} INFO - [2025-03-22T12:41:04.700+0000] {override.py:1912} INFO - Created Permission View: menu access on DAG Run:example_branch_datetime_operator
[2025-03-22T12:41:04.706+0000] {logging_mixin.py:190} INFO - [2025-03-22T12:41:04.706+0000] {override.py:1912} INFO - Created Permission View: can read on DAG Run:example_branch_datetime_operator
[2025-03-22T12:41:04.711+0000] {logging_mixin.py:190} INFO - [2025-03-22T12:41:04.711+0000] {override.py:1912} INFO - Created Permission View: can create on DAG Run:example_branch_datetime_operator
[2025-03-22T12:41:04.717+0000] {logging_mixin.py:190} INFO - [2025-03-22T12:41:04.717+0000] {override.py:1912} INFO - Created Permission View: can delete on DAG Run:example_branch_datetime_operator
[2025-03-22T12:41:04.717+0000] {logging_mixin.py:190} INFO - [2025-03-22T12:41:04.717+0000] {dag.py:3239} INFO - Sync 3 DAGs
[2025-03-22T12:41:04.733+0000] {logging_mixin.py:190} INFO - [2025-03-22T12:41:04.733+0000] {dag.py:3262} INFO - Creating ORM DAG for example_branch_datetime_operator
[2025-03-22T12:41:04.734+0000] {logging_mixin.py:190} INFO - [2025-03-22T12:41:04.734+0000] {dag.py:3262} INFO - Creating ORM DAG for example_branch_datetime_operator_3
[2025-03-22T12:41:04.735+0000] {logging_mixin.py:190} INFO - [2025-03-22T12:41:04.734+0000] {dag.py:3262} INFO - Creating ORM DAG for example_branch_datetime_operator_2
[2025-03-22T12:41:04.746+0000] {logging_mixin.py:190} INFO - [2025-03-22T12:41:04.746+0000] {dag.py:4180} INFO - Setting next_dagrun for example_branch_datetime_operator to 2025-03-21 00:00:00+00:00, run_after=2025-03-22 00:00:00+00:00
[2025-03-22T12:41:04.748+0000] {logging_mixin.py:190} INFO - [2025-03-22T12:41:04.748+0000] {dag.py:4180} INFO - Setting next_dagrun for example_branch_datetime_operator_2 to 2025-03-21 00:00:00+00:00, run_after=2025-03-22 00:00:00+00:00
[2025-03-22T12:41:04.750+0000] {logging_mixin.py:190} INFO - [2025-03-22T12:41:04.750+0000] {dag.py:4180} INFO - Setting next_dagrun for example_branch_datetime_operator_3 to 2025-03-21 00:00:00+00:00, run_after=2025-03-22 00:00:00+00:00
[2025-03-22T12:41:04.767+0000] {processor.py:208} INFO - Processing /home/airflow/.local/lib/python3.12/site-packages/airflow/example_dags/example_branch_datetime_operator.py took 0.455 seconds
[2025-03-22T12:41:34.854+0000] {processor.py:186} INFO - Started process (PID=135) to work on /home/airflow/.local/lib/python3.12/site-packages/airflow/example_dags/example_branch_datetime_operator.py
[2025-03-22T12:41:34.855+0000] {processor.py:914} INFO - Processing file /home/airflow/.local/lib/python3.12/site-packages/airflow/example_dags/example_branch_datetime_operator.py for tasks to queue
[2025-03-22T12:41:34.857+0000] {logging_mixin.py:190} INFO - [2025-03-22T12:41:34.857+0000] {dagbag.py:588} INFO - Filling up the DagBag from /home/airflow/.local/lib/python3.12/site-packages/airflow/example_dags/example_branch_datetime_operator.py
[2025-03-22T12:41:34.867+0000] {processor.py:925} INFO - DAG(s) 'example_branch_datetime_operator_3', 'example_branch_datetime_operator', 'example_branch_datetime_operator_2' retrieved from /home/airflow/.local/lib/python3.12/site-packages/airflow/example_dags/example_branch_datetime_operator.py
[2025-03-22T12:41:34.888+0000] {logging_mixin.py:190} INFO - [2025-03-22T12:41:34.888+0000] {dag.py:3239} INFO - Sync 3 DAGs
[2025-03-22T12:41:34.908+0000] {logging_mixin.py:190} INFO - [2025-03-22T12:41:34.907+0000] {dag.py:4180} INFO - Setting next_dagrun for example_branch_datetime_operator to 2025-03-21 00:00:00+00:00, run_after=2025-03-22 00:00:00+00:00
[2025-03-22T12:41:34.912+0000] {logging_mixin.py:190} INFO - [2025-03-22T12:41:34.911+0000] {dag.py:4180} INFO - Setting next_dagrun for example_branch_datetime_operator_2 to 2025-03-21 00:00:00+00:00, run_after=2025-03-22 00:00:00+00:00
[2025-03-22T12:41:34.914+0000] {logging_mixin.py:190} INFO - [2025-03-22T12:41:34.914+0000] {dag.py:4180} INFO - Setting next_dagrun for example_branch_datetime_operator_3 to 2025-03-21 00:00:00+00:00, run_after=2025-03-22 00:00:00+00:00
[2025-03-22T12:41:34.927+0000] {processor.py:208} INFO - Processing /home/airflow/.local/lib/python3.12/site-packages/airflow/example_dags/example_branch_datetime_operator.py took 0.077 seconds
