[2025-03-22T12:41:06.673+0000] {processor.py:186} INFO - Started process (PID=83) to work on /home/airflow/.local/lib/python3.12/site-packages/airflow/example_dags/example_branch_labels.py
[2025-03-22T12:41:06.674+0000] {processor.py:914} INFO - Processing file /home/airflow/.local/lib/python3.12/site-packages/airflow/example_dags/example_branch_labels.py for tasks to queue
[2025-03-22T12:41:06.676+0000] {logging_mixin.py:190} INFO - [2025-03-22T12:41:06.676+0000] {dagbag.py:588} INFO - Filling up the DagBag from /home/airflow/.local/lib/python3.12/site-packages/airflow/example_dags/example_branch_labels.py
[2025-03-22T12:41:06.689+0000] {processor.py:925} INFO - DAG(s) 'example_branch_labels' retrieved from /home/airflow/.local/lib/python3.12/site-packages/airflow/example_dags/example_branch_labels.py
[2025-03-22T12:41:07.211+0000] {logging_mixin.py:190} INFO - [2025-03-22T12:41:07.210+0000] {override.py:1912} INFO - Created Permission View: can read on DAG:example_branch_labels
[2025-03-22T12:41:07.254+0000] {logging_mixin.py:190} INFO - [2025-03-22T12:41:07.253+0000] {override.py:1912} INFO - Created Permission View: can edit on DAG:example_branch_labels
[2025-03-22T12:41:07.276+0000] {logging_mixin.py:190} INFO - [2025-03-22T12:41:07.275+0000] {override.py:1912} INFO - Created Permission View: can delete on DAG:example_branch_labels
[2025-03-22T12:41:07.299+0000] {logging_mixin.py:190} INFO - [2025-03-22T12:41:07.299+0000] {override.py:1912} INFO - Created Permission View: menu access on DAG Run:example_branch_labels
[2025-03-22T12:41:07.324+0000] {logging_mixin.py:190} INFO - [2025-03-22T12:41:07.324+0000] {override.py:1912} INFO - Created Permission View: can read on DAG Run:example_branch_labels
[2025-03-22T12:41:07.360+0000] {logging_mixin.py:190} INFO - [2025-03-22T12:41:07.359+0000] {override.py:1912} INFO - Created Permission View: can create on DAG Run:example_branch_labels
[2025-03-22T12:41:07.388+0000] {logging_mixin.py:190} INFO - [2025-03-22T12:41:07.388+0000] {override.py:1912} INFO - Created Permission View: can delete on DAG Run:example_branch_labels
[2025-03-22T12:41:07.390+0000] {logging_mixin.py:190} INFO - [2025-03-22T12:41:07.389+0000] {dag.py:3239} INFO - Sync 1 DAGs
[2025-03-22T12:41:07.448+0000] {logging_mixin.py:190} INFO - [2025-03-22T12:41:07.445+0000] {dag.py:3262} INFO - Creating ORM DAG for example_branch_labels
[2025-03-22T12:41:07.487+0000] {logging_mixin.py:190} INFO - [2025-03-22T12:41:07.487+0000] {dag.py:4180} INFO - Setting next_dagrun for example_branch_labels to 2025-03-21 00:00:00+00:00, run_after=2025-03-22 00:00:00+00:00
[2025-03-22T12:41:07.559+0000] {processor.py:208} INFO - Processing /home/airflow/.local/lib/python3.12/site-packages/airflow/example_dags/example_branch_labels.py took 0.892 seconds
[2025-03-22T12:41:37.695+0000] {processor.py:186} INFO - Started process (PID=146) to work on /home/airflow/.local/lib/python3.12/site-packages/airflow/example_dags/example_branch_labels.py
[2025-03-22T12:41:37.696+0000] {processor.py:914} INFO - Processing file /home/airflow/.local/lib/python3.12/site-packages/airflow/example_dags/example_branch_labels.py for tasks to queue
[2025-03-22T12:41:37.699+0000] {logging_mixin.py:190} INFO - [2025-03-22T12:41:37.698+0000] {dagbag.py:588} INFO - Filling up the DagBag from /home/airflow/.local/lib/python3.12/site-packages/airflow/example_dags/example_branch_labels.py
[2025-03-22T12:41:37.709+0000] {processor.py:925} INFO - DAG(s) 'example_branch_labels' retrieved from /home/airflow/.local/lib/python3.12/site-packages/airflow/example_dags/example_branch_labels.py
[2025-03-22T12:41:37.730+0000] {logging_mixin.py:190} INFO - [2025-03-22T12:41:37.730+0000] {dag.py:3239} INFO - Sync 1 DAGs
[2025-03-22T12:41:37.758+0000] {logging_mixin.py:190} INFO - [2025-03-22T12:41:37.758+0000] {dag.py:4180} INFO - Setting next_dagrun for example_branch_labels to 2025-03-21 00:00:00+00:00, run_after=2025-03-22 00:00:00+00:00
[2025-03-22T12:41:37.774+0000] {processor.py:208} INFO - Processing /home/airflow/.local/lib/python3.12/site-packages/airflow/example_dags/example_branch_labels.py took 0.085 seconds
