[2025-03-22T12:41:04.817+0000] {processor.py:186} INFO - Started process (PID=74) to work on /home/airflow/.local/lib/python3.12/site-packages/airflow/example_dags/example_time_delta_sensor_async.py
[2025-03-22T12:41:04.820+0000] {processor.py:914} INFO - Processing file /home/airflow/.local/lib/python3.12/site-packages/airflow/example_dags/example_time_delta_sensor_async.py for tasks to queue
[2025-03-22T12:41:04.823+0000] {logging_mixin.py:190} INFO - [2025-03-22T12:41:04.823+0000] {dagbag.py:588} INFO - Filling up the DagBag from /home/airflow/.local/lib/python3.12/site-packages/airflow/example_dags/example_time_delta_sensor_async.py
[2025-03-22T12:41:04.833+0000] {processor.py:925} INFO - DAG(s) 'example_time_delta_sensor_async' retrieved from /home/airflow/.local/lib/python3.12/site-packages/airflow/example_dags/example_time_delta_sensor_async.py
[2025-03-22T12:41:04.953+0000] {logging_mixin.py:190} INFO - [2025-03-22T12:41:04.952+0000] {override.py:1912} INFO - Created Permission View: can read on DAG:example_time_delta_sensor_async
[2025-03-22T12:41:04.963+0000] {logging_mixin.py:190} INFO - [2025-03-22T12:41:04.963+0000] {override.py:1912} INFO - Created Permission View: can edit on DAG:example_time_delta_sensor_async
[2025-03-22T12:41:04.969+0000] {logging_mixin.py:190} INFO - [2025-03-22T12:41:04.969+0000] {override.py:1912} INFO - Created Permission View: can delete on DAG:example_time_delta_sensor_async
[2025-03-22T12:41:04.977+0000] {logging_mixin.py:190} INFO - [2025-03-22T12:41:04.977+0000] {override.py:1912} INFO - Created Permission View: menu access on DAG Run:example_time_delta_sensor_async
[2025-03-22T12:41:04.986+0000] {logging_mixin.py:190} INFO - [2025-03-22T12:41:04.986+0000] {override.py:1912} INFO - Created Permission View: can read on DAG Run:example_time_delta_sensor_async
[2025-03-22T12:41:04.992+0000] {logging_mixin.py:190} INFO - [2025-03-22T12:41:04.991+0000] {override.py:1912} INFO - Created Permission View: can create on DAG Run:example_time_delta_sensor_async
[2025-03-22T12:41:04.997+0000] {logging_mixin.py:190} INFO - [2025-03-22T12:41:04.997+0000] {override.py:1912} INFO - Created Permission View: can delete on DAG Run:example_time_delta_sensor_async
[2025-03-22T12:41:04.997+0000] {logging_mixin.py:190} INFO - [2025-03-22T12:41:04.997+0000] {dag.py:3239} INFO - Sync 1 DAGs
[2025-03-22T12:41:05.013+0000] {logging_mixin.py:190} INFO - [2025-03-22T12:41:05.013+0000] {dag.py:3262} INFO - Creating ORM DAG for example_time_delta_sensor_async
[2025-03-22T12:41:05.014+0000] {logging_mixin.py:190} INFO - [2025-03-22T12:41:05.014+0000] {dag.py:4180} INFO - Setting next_dagrun for example_time_delta_sensor_async to None, run_after=None
[2025-03-22T12:41:05.031+0000] {processor.py:208} INFO - Processing /home/airflow/.local/lib/python3.12/site-packages/airflow/example_dags/example_time_delta_sensor_async.py took 0.223 seconds
[2025-03-22T12:41:35.864+0000] {processor.py:186} INFO - Started process (PID=136) to work on /home/airflow/.local/lib/python3.12/site-packages/airflow/example_dags/example_time_delta_sensor_async.py
[2025-03-22T12:41:35.865+0000] {processor.py:914} INFO - Processing file /home/airflow/.local/lib/python3.12/site-packages/airflow/example_dags/example_time_delta_sensor_async.py for tasks to queue
[2025-03-22T12:41:35.868+0000] {logging_mixin.py:190} INFO - [2025-03-22T12:41:35.867+0000] {dagbag.py:588} INFO - Filling up the DagBag from /home/airflow/.local/lib/python3.12/site-packages/airflow/example_dags/example_time_delta_sensor_async.py
[2025-03-22T12:41:35.874+0000] {processor.py:925} INFO - DAG(s) 'example_time_delta_sensor_async' retrieved from /home/airflow/.local/lib/python3.12/site-packages/airflow/example_dags/example_time_delta_sensor_async.py
[2025-03-22T12:41:35.894+0000] {logging_mixin.py:190} INFO - [2025-03-22T12:41:35.893+0000] {dag.py:3239} INFO - Sync 1 DAGs
[2025-03-22T12:41:35.910+0000] {logging_mixin.py:190} INFO - [2025-03-22T12:41:35.909+0000] {dag.py:4180} INFO - Setting next_dagrun for example_time_delta_sensor_async to None, run_after=None
[2025-03-22T12:41:35.927+0000] {processor.py:208} INFO - Processing /home/airflow/.local/lib/python3.12/site-packages/airflow/example_dags/example_time_delta_sensor_async.py took 0.068 seconds
