[2025-03-22T12:41:06.156+0000] {processor.py:186} INFO - Started process (PID=79) to work on /home/airflow/.local/lib/python3.12/site-packages/airflow/example_dags/example_branch_day_of_week_operator.py
[2025-03-22T12:41:06.157+0000] {processor.py:914} INFO - Processing file /home/airflow/.local/lib/python3.12/site-packages/airflow/example_dags/example_branch_day_of_week_operator.py for tasks to queue
[2025-03-22T12:41:06.159+0000] {logging_mixin.py:190} INFO - [2025-03-22T12:41:06.159+0000] {dagbag.py:588} INFO - Filling up the DagBag from /home/airflow/.local/lib/python3.12/site-packages/airflow/example_dags/example_branch_day_of_week_operator.py
[2025-03-22T12:41:06.170+0000] {processor.py:925} INFO - DAG(s) 'example_weekday_branch_operator' retrieved from /home/airflow/.local/lib/python3.12/site-packages/airflow/example_dags/example_branch_day_of_week_operator.py
[2025-03-22T12:41:06.314+0000] {logging_mixin.py:190} INFO - [2025-03-22T12:41:06.313+0000] {override.py:1912} INFO - Created Permission View: can read on DAG:example_weekday_branch_operator
[2025-03-22T12:41:06.327+0000] {logging_mixin.py:190} INFO - [2025-03-22T12:41:06.326+0000] {override.py:1912} INFO - Created Permission View: can edit on DAG:example_weekday_branch_operator
[2025-03-22T12:41:06.333+0000] {logging_mixin.py:190} INFO - [2025-03-22T12:41:06.332+0000] {override.py:1912} INFO - Created Permission View: can delete on DAG:example_weekday_branch_operator
[2025-03-22T12:41:06.339+0000] {logging_mixin.py:190} INFO - [2025-03-22T12:41:06.339+0000] {override.py:1912} INFO - Created Permission View: menu access on DAG Run:example_weekday_branch_operator
[2025-03-22T12:41:06.345+0000] {logging_mixin.py:190} INFO - [2025-03-22T12:41:06.345+0000] {override.py:1912} INFO - Created Permission View: can read on DAG Run:example_weekday_branch_operator
[2025-03-22T12:41:06.351+0000] {logging_mixin.py:190} INFO - [2025-03-22T12:41:06.351+0000] {override.py:1912} INFO - Created Permission View: can create on DAG Run:example_weekday_branch_operator
[2025-03-22T12:41:06.357+0000] {logging_mixin.py:190} INFO - [2025-03-22T12:41:06.356+0000] {override.py:1912} INFO - Created Permission View: can delete on DAG Run:example_weekday_branch_operator
[2025-03-22T12:41:06.357+0000] {logging_mixin.py:190} INFO - [2025-03-22T12:41:06.357+0000] {dag.py:3239} INFO - Sync 1 DAGs
[2025-03-22T12:41:06.373+0000] {logging_mixin.py:190} INFO - [2025-03-22T12:41:06.372+0000] {dag.py:3262} INFO - Creating ORM DAG for example_weekday_branch_operator
[2025-03-22T12:41:06.385+0000] {logging_mixin.py:190} INFO - [2025-03-22T12:41:06.385+0000] {dag.py:4180} INFO - Setting next_dagrun for example_weekday_branch_operator to 2025-03-21 00:00:00+00:00, run_after=2025-03-22 00:00:00+00:00
[2025-03-22T12:41:06.401+0000] {processor.py:208} INFO - Processing /home/airflow/.local/lib/python3.12/site-packages/airflow/example_dags/example_branch_day_of_week_operator.py took 0.251 seconds
[2025-03-22T12:41:37.220+0000] {processor.py:186} INFO - Started process (PID=142) to work on /home/airflow/.local/lib/python3.12/site-packages/airflow/example_dags/example_branch_day_of_week_operator.py
[2025-03-22T12:41:37.221+0000] {processor.py:914} INFO - Processing file /home/airflow/.local/lib/python3.12/site-packages/airflow/example_dags/example_branch_day_of_week_operator.py for tasks to queue
[2025-03-22T12:41:37.223+0000] {logging_mixin.py:190} INFO - [2025-03-22T12:41:37.223+0000] {dagbag.py:588} INFO - Filling up the DagBag from /home/airflow/.local/lib/python3.12/site-packages/airflow/example_dags/example_branch_day_of_week_operator.py
[2025-03-22T12:41:37.234+0000] {processor.py:925} INFO - DAG(s) 'example_weekday_branch_operator' retrieved from /home/airflow/.local/lib/python3.12/site-packages/airflow/example_dags/example_branch_day_of_week_operator.py
[2025-03-22T12:41:37.256+0000] {logging_mixin.py:190} INFO - [2025-03-22T12:41:37.256+0000] {dag.py:3239} INFO - Sync 1 DAGs
[2025-03-22T12:41:37.283+0000] {logging_mixin.py:190} INFO - [2025-03-22T12:41:37.283+0000] {dag.py:4180} INFO - Setting next_dagrun for example_weekday_branch_operator to 2025-03-21 00:00:00+00:00, run_after=2025-03-22 00:00:00+00:00
[2025-03-22T12:41:37.301+0000] {processor.py:208} INFO - Processing /home/airflow/.local/lib/python3.12/site-packages/airflow/example_dags/example_branch_day_of_week_operator.py took 0.087 seconds
