[2025-03-22T12:41:03.288+0000] {processor.py:186} INFO - Started process (PID=65) to work on /home/airflow/.local/lib/python3.12/site-packages/airflow/example_dags/example_dynamic_task_mapping_with_no_taskflow_operators.py
[2025-03-22T12:41:03.289+0000] {processor.py:914} INFO - Processing file /home/airflow/.local/lib/python3.12/site-packages/airflow/example_dags/example_dynamic_task_mapping_with_no_taskflow_operators.py for tasks to queue
[2025-03-22T12:41:03.291+0000] {logging_mixin.py:190} INFO - [2025-03-22T12:41:03.291+0000] {dagbag.py:588} INFO - Filling up the DagBag from /home/airflow/.local/lib/python3.12/site-packages/airflow/example_dags/example_dynamic_task_mapping_with_no_taskflow_operators.py
[2025-03-22T12:41:03.301+0000] {processor.py:925} INFO - DAG(s) 'example_dynamic_task_mapping_with_no_taskflow_operators' retrieved from /home/airflow/.local/lib/python3.12/site-packages/airflow/example_dags/example_dynamic_task_mapping_with_no_taskflow_operators.py
[2025-03-22T12:41:03.530+0000] {logging_mixin.py:190} INFO - [2025-03-22T12:41:03.529+0000] {override.py:1912} INFO - Created Permission View: can read on DAG:example_dynamic_task_mapping_with_no_taskflow_operators
[2025-03-22T12:41:03.546+0000] {logging_mixin.py:190} INFO - [2025-03-22T12:41:03.546+0000] {override.py:1912} INFO - Created Permission View: can edit on DAG:example_dynamic_task_mapping_with_no_taskflow_operators
[2025-03-22T12:41:03.552+0000] {logging_mixin.py:190} INFO - [2025-03-22T12:41:03.552+0000] {override.py:1912} INFO - Created Permission View: can delete on DAG:example_dynamic_task_mapping_with_no_taskflow_operators
[2025-03-22T12:41:03.558+0000] {logging_mixin.py:190} INFO - [2025-03-22T12:41:03.558+0000] {override.py:1912} INFO - Created Permission View: menu access on DAG Run:example_dynamic_task_mapping_with_no_taskflow_operators
[2025-03-22T12:41:03.564+0000] {logging_mixin.py:190} INFO - [2025-03-22T12:41:03.564+0000] {override.py:1912} INFO - Created Permission View: can read on DAG Run:example_dynamic_task_mapping_with_no_taskflow_operators
[2025-03-22T12:41:03.569+0000] {logging_mixin.py:190} INFO - [2025-03-22T12:41:03.569+0000] {override.py:1912} INFO - Created Permission View: can create on DAG Run:example_dynamic_task_mapping_with_no_taskflow_operators
[2025-03-22T12:41:03.574+0000] {logging_mixin.py:190} INFO - [2025-03-22T12:41:03.574+0000] {override.py:1912} INFO - Created Permission View: can delete on DAG Run:example_dynamic_task_mapping_with_no_taskflow_operators
[2025-03-22T12:41:03.575+0000] {logging_mixin.py:190} INFO - [2025-03-22T12:41:03.575+0000] {dag.py:3239} INFO - Sync 1 DAGs
[2025-03-22T12:41:03.590+0000] {logging_mixin.py:190} INFO - [2025-03-22T12:41:03.590+0000] {dag.py:3262} INFO - Creating ORM DAG for example_dynamic_task_mapping_with_no_taskflow_operators
[2025-03-22T12:41:03.591+0000] {logging_mixin.py:190} INFO - [2025-03-22T12:41:03.591+0000] {dag.py:4180} INFO - Setting next_dagrun for example_dynamic_task_mapping_with_no_taskflow_operators to None, run_after=None
[2025-03-22T12:41:03.605+0000] {processor.py:208} INFO - Processing /home/airflow/.local/lib/python3.12/site-packages/airflow/example_dags/example_dynamic_task_mapping_with_no_taskflow_operators.py took 0.323 seconds
[2025-03-22T12:41:33.752+0000] {processor.py:186} INFO - Started process (PID=128) to work on /home/airflow/.local/lib/python3.12/site-packages/airflow/example_dags/example_dynamic_task_mapping_with_no_taskflow_operators.py
[2025-03-22T12:41:33.757+0000] {processor.py:914} INFO - Processing file /home/airflow/.local/lib/python3.12/site-packages/airflow/example_dags/example_dynamic_task_mapping_with_no_taskflow_operators.py for tasks to queue
[2025-03-22T12:41:33.765+0000] {logging_mixin.py:190} INFO - [2025-03-22T12:41:33.765+0000] {dagbag.py:588} INFO - Filling up the DagBag from /home/airflow/.local/lib/python3.12/site-packages/airflow/example_dags/example_dynamic_task_mapping_with_no_taskflow_operators.py
[2025-03-22T12:41:33.797+0000] {processor.py:925} INFO - DAG(s) 'example_dynamic_task_mapping_with_no_taskflow_operators' retrieved from /home/airflow/.local/lib/python3.12/site-packages/airflow/example_dags/example_dynamic_task_mapping_with_no_taskflow_operators.py
[2025-03-22T12:41:33.846+0000] {logging_mixin.py:190} INFO - [2025-03-22T12:41:33.845+0000] {dag.py:3239} INFO - Sync 1 DAGs
[2025-03-22T12:41:33.864+0000] {logging_mixin.py:190} INFO - [2025-03-22T12:41:33.864+0000] {dag.py:4180} INFO - Setting next_dagrun for example_dynamic_task_mapping_with_no_taskflow_operators to None, run_after=None
[2025-03-22T12:41:33.895+0000] {processor.py:208} INFO - Processing /home/airflow/.local/lib/python3.12/site-packages/airflow/example_dags/example_dynamic_task_mapping_with_no_taskflow_operators.py took 0.158 seconds
