[2025-03-22T12:41:06.193+0000] {processor.py:186} INFO - Started process (PID=80) to work on /home/airflow/.local/lib/python3.12/site-packages/airflow/example_dags/example_params_trigger_ui.py
[2025-03-22T12:41:06.194+0000] {processor.py:914} INFO - Processing file /home/airflow/.local/lib/python3.12/site-packages/airflow/example_dags/example_params_trigger_ui.py for tasks to queue
[2025-03-22T12:41:06.196+0000] {logging_mixin.py:190} INFO - [2025-03-22T12:41:06.196+0000] {dagbag.py:588} INFO - Filling up the DagBag from /home/airflow/.local/lib/python3.12/site-packages/airflow/example_dags/example_params_trigger_ui.py
[2025-03-22T12:41:06.209+0000] {processor.py:925} INFO - DAG(s) 'example_params_trigger_ui' retrieved from /home/airflow/.local/lib/python3.12/site-packages/airflow/example_dags/example_params_trigger_ui.py
[2025-03-22T12:41:06.365+0000] {logging_mixin.py:190} INFO - [2025-03-22T12:41:06.365+0000] {override.py:1912} INFO - Created Permission View: can read on DAG:example_params_trigger_ui
[2025-03-22T12:41:06.376+0000] {logging_mixin.py:190} INFO - [2025-03-22T12:41:06.376+0000] {override.py:1912} INFO - Created Permission View: can edit on DAG:example_params_trigger_ui
[2025-03-22T12:41:06.382+0000] {logging_mixin.py:190} INFO - [2025-03-22T12:41:06.382+0000] {override.py:1912} INFO - Created Permission View: can delete on DAG:example_params_trigger_ui
[2025-03-22T12:41:06.388+0000] {logging_mixin.py:190} INFO - [2025-03-22T12:41:06.388+0000] {override.py:1912} INFO - Created Permission View: menu access on DAG Run:example_params_trigger_ui
[2025-03-22T12:41:06.394+0000] {logging_mixin.py:190} INFO - [2025-03-22T12:41:06.393+0000] {override.py:1912} INFO - Created Permission View: can read on DAG Run:example_params_trigger_ui
[2025-03-22T12:41:06.399+0000] {logging_mixin.py:190} INFO - [2025-03-22T12:41:06.399+0000] {override.py:1912} INFO - Created Permission View: can create on DAG Run:example_params_trigger_ui
[2025-03-22T12:41:06.405+0000] {logging_mixin.py:190} INFO - [2025-03-22T12:41:06.405+0000] {override.py:1912} INFO - Created Permission View: can delete on DAG Run:example_params_trigger_ui
[2025-03-22T12:41:06.406+0000] {logging_mixin.py:190} INFO - [2025-03-22T12:41:06.406+0000] {dag.py:3239} INFO - Sync 1 DAGs
[2025-03-22T12:41:06.419+0000] {logging_mixin.py:190} INFO - [2025-03-22T12:41:06.418+0000] {dag.py:3262} INFO - Creating ORM DAG for example_params_trigger_ui
[2025-03-22T12:41:06.420+0000] {logging_mixin.py:190} INFO - [2025-03-22T12:41:06.419+0000] {dag.py:4180} INFO - Setting next_dagrun for example_params_trigger_ui to None, run_after=None
[2025-03-22T12:41:06.436+0000] {processor.py:208} INFO - Processing /home/airflow/.local/lib/python3.12/site-packages/airflow/example_dags/example_params_trigger_ui.py took 0.249 seconds
[2025-03-22T12:41:37.332+0000] {processor.py:186} INFO - Started process (PID=143) to work on /home/airflow/.local/lib/python3.12/site-packages/airflow/example_dags/example_params_trigger_ui.py
[2025-03-22T12:41:37.333+0000] {processor.py:914} INFO - Processing file /home/airflow/.local/lib/python3.12/site-packages/airflow/example_dags/example_params_trigger_ui.py for tasks to queue
[2025-03-22T12:41:37.335+0000] {logging_mixin.py:190} INFO - [2025-03-22T12:41:37.335+0000] {dagbag.py:588} INFO - Filling up the DagBag from /home/airflow/.local/lib/python3.12/site-packages/airflow/example_dags/example_params_trigger_ui.py
[2025-03-22T12:41:37.348+0000] {processor.py:925} INFO - DAG(s) 'example_params_trigger_ui' retrieved from /home/airflow/.local/lib/python3.12/site-packages/airflow/example_dags/example_params_trigger_ui.py
[2025-03-22T12:41:37.408+0000] {logging_mixin.py:190} INFO - [2025-03-22T12:41:37.408+0000] {dag.py:3239} INFO - Sync 1 DAGs
[2025-03-22T12:41:37.425+0000] {logging_mixin.py:190} INFO - [2025-03-22T12:41:37.424+0000] {dag.py:4180} INFO - Setting next_dagrun for example_params_trigger_ui to None, run_after=None
[2025-03-22T12:41:37.442+0000] {processor.py:208} INFO - Processing /home/airflow/.local/lib/python3.12/site-packages/airflow/example_dags/example_params_trigger_ui.py took 0.116 seconds
