[2025-03-22T12:41:18.434+0000] {processor.py:186} INFO - Started process (PID=114) to work on /home/airflow/.local/lib/python3.12/site-packages/airflow/example_dags/example_subdag_operator.py
[2025-03-22T12:41:18.434+0000] {processor.py:914} INFO - Processing file /home/airflow/.local/lib/python3.12/site-packages/airflow/example_dags/example_subdag_operator.py for tasks to queue
[2025-03-22T12:41:18.437+0000] {logging_mixin.py:190} INFO - [2025-03-22T12:41:18.436+0000] {dagbag.py:588} INFO - Filling up the DagBag from /home/airflow/.local/lib/python3.12/site-packages/airflow/example_dags/example_subdag_operator.py
[2025-03-22T12:41:18.466+0000] {processor.py:925} INFO - DAG(s) 'example_subdag_operator.section-1', 'example_subdag_operator.section-2', 'example_subdag_operator' retrieved from /home/airflow/.local/lib/python3.12/site-packages/airflow/example_dags/example_subdag_operator.py
[2025-03-22T12:41:18.608+0000] {logging_mixin.py:190} INFO - [2025-03-22T12:41:18.607+0000] {override.py:1912} INFO - Created Permission View: can read on DAG:example_subdag_operator
[2025-03-22T12:41:18.619+0000] {logging_mixin.py:190} INFO - [2025-03-22T12:41:18.618+0000] {override.py:1912} INFO - Created Permission View: can edit on DAG:example_subdag_operator
[2025-03-22T12:41:18.633+0000] {logging_mixin.py:190} INFO - [2025-03-22T12:41:18.633+0000] {override.py:1912} INFO - Created Permission View: can delete on DAG:example_subdag_operator
[2025-03-22T12:41:18.640+0000] {logging_mixin.py:190} INFO - [2025-03-22T12:41:18.640+0000] {override.py:1912} INFO - Created Permission View: menu access on DAG Run:example_subdag_operator
[2025-03-22T12:41:18.646+0000] {logging_mixin.py:190} INFO - [2025-03-22T12:41:18.645+0000] {override.py:1912} INFO - Created Permission View: can read on DAG Run:example_subdag_operator
[2025-03-22T12:41:18.652+0000] {logging_mixin.py:190} INFO - [2025-03-22T12:41:18.651+0000] {override.py:1912} INFO - Created Permission View: can create on DAG Run:example_subdag_operator
[2025-03-22T12:41:18.658+0000] {logging_mixin.py:190} INFO - [2025-03-22T12:41:18.658+0000] {override.py:1912} INFO - Created Permission View: can delete on DAG Run:example_subdag_operator
[2025-03-22T12:41:18.659+0000] {logging_mixin.py:190} INFO - [2025-03-22T12:41:18.658+0000] {dag.py:3239} INFO - Sync 3 DAGs
[2025-03-22T12:41:18.675+0000] {logging_mixin.py:190} INFO - [2025-03-22T12:41:18.675+0000] {dag.py:3262} INFO - Creating ORM DAG for example_subdag_operator.section-1
[2025-03-22T12:41:18.676+0000] {logging_mixin.py:190} INFO - [2025-03-22T12:41:18.676+0000] {dag.py:3262} INFO - Creating ORM DAG for example_subdag_operator.section-2
[2025-03-22T12:41:18.677+0000] {logging_mixin.py:190} INFO - [2025-03-22T12:41:18.677+0000] {dag.py:3262} INFO - Creating ORM DAG for example_subdag_operator
[2025-03-22T12:41:18.688+0000] {logging_mixin.py:190} INFO - [2025-03-22T12:41:18.688+0000] {dag.py:4180} INFO - Setting next_dagrun for example_subdag_operator to 2022-01-01 00:00:00+00:00, run_after=2022-01-01 00:00:00+00:00
[2025-03-22T12:41:18.689+0000] {logging_mixin.py:190} INFO - [2025-03-22T12:41:18.689+0000] {dag.py:4180} INFO - Setting next_dagrun for example_subdag_operator.section-1 to None, run_after=None
[2025-03-22T12:41:18.690+0000] {logging_mixin.py:190} INFO - [2025-03-22T12:41:18.690+0000] {dag.py:4180} INFO - Setting next_dagrun for example_subdag_operator.section-2 to None, run_after=None
[2025-03-22T12:41:18.700+0000] {logging_mixin.py:190} INFO - [2025-03-22T12:41:18.699+0000] {dag.py:3239} INFO - Sync 2 DAGs
[2025-03-22T12:41:18.706+0000] {logging_mixin.py:190} INFO - [2025-03-22T12:41:18.706+0000] {dag.py:4180} INFO - Setting next_dagrun for example_subdag_operator.section-1 to None, run_after=None
[2025-03-22T12:41:18.710+0000] {logging_mixin.py:190} INFO - [2025-03-22T12:41:18.710+0000] {dag.py:4180} INFO - Setting next_dagrun for example_subdag_operator.section-2 to None, run_after=None
[2025-03-22T12:41:18.723+0000] {processor.py:208} INFO - Processing /home/airflow/.local/lib/python3.12/site-packages/airflow/example_dags/example_subdag_operator.py took 0.296 seconds
