[2025-03-22T12:40:29.200+0000] {processor.py:186} INFO - Started process (PID=74) to work on /home/airflow/.local/lib/python3.12/site-packages/airflow/example_dags/example_python_decorator.py
[2025-03-22T12:40:29.203+0000] {processor.py:914} INFO - Processing file /home/airflow/.local/lib/python3.12/site-packages/airflow/example_dags/example_python_decorator.py for tasks to queue
[2025-03-22T12:40:29.209+0000] {logging_mixin.py:190} INFO - [2025-03-22T12:40:29.209+0000] {dagbag.py:588} INFO - Filling up the DagBag from /home/airflow/.local/lib/python3.12/site-packages/airflow/example_dags/example_python_decorator.py
[2025-03-22T12:40:30.435+0000] {logging_mixin.py:190} INFO - [2025-03-22T12:40:30.435+0000] {process_utils.py:266} INFO - Waiting up to 5 seconds for processes to exit...
[2025-03-22T12:41:01.828+0000] {processor.py:186} INFO - Started process (PID=60) to work on /home/airflow/.local/lib/python3.12/site-packages/airflow/example_dags/example_python_decorator.py
[2025-03-22T12:41:01.829+0000] {processor.py:914} INFO - Processing file /home/airflow/.local/lib/python3.12/site-packages/airflow/example_dags/example_python_decorator.py for tasks to queue
[2025-03-22T12:41:01.836+0000] {logging_mixin.py:190} INFO - [2025-03-22T12:41:01.836+0000] {dagbag.py:588} INFO - Filling up the DagBag from /home/airflow/.local/lib/python3.12/site-packages/airflow/example_dags/example_python_decorator.py
[2025-03-22T12:41:01.867+0000] {processor.py:925} INFO - DAG(s) 'example_python_decorator' retrieved from /home/airflow/.local/lib/python3.12/site-packages/airflow/example_dags/example_python_decorator.py
[2025-03-22T12:41:02.603+0000] {logging_mixin.py:190} INFO - [2025-03-22T12:41:02.602+0000] {override.py:1912} INFO - Created Permission View: can read on DAG:example_python_decorator
[2025-03-22T12:41:02.637+0000] {logging_mixin.py:190} INFO - [2025-03-22T12:41:02.637+0000] {override.py:1912} INFO - Created Permission View: can edit on DAG:example_python_decorator
[2025-03-22T12:41:02.658+0000] {logging_mixin.py:190} INFO - [2025-03-22T12:41:02.657+0000] {override.py:1912} INFO - Created Permission View: can delete on DAG:example_python_decorator
[2025-03-22T12:41:02.682+0000] {logging_mixin.py:190} INFO - [2025-03-22T12:41:02.681+0000] {override.py:1912} INFO - Created Permission View: menu access on DAG Run:example_python_decorator
[2025-03-22T12:41:02.709+0000] {logging_mixin.py:190} INFO - [2025-03-22T12:41:02.708+0000] {override.py:1912} INFO - Created Permission View: can read on DAG Run:example_python_decorator
[2025-03-22T12:41:02.726+0000] {logging_mixin.py:190} INFO - [2025-03-22T12:41:02.726+0000] {override.py:1912} INFO - Created Permission View: can create on DAG Run:example_python_decorator
[2025-03-22T12:41:02.742+0000] {logging_mixin.py:190} INFO - [2025-03-22T12:41:02.741+0000] {override.py:1912} INFO - Created Permission View: can delete on DAG Run:example_python_decorator
[2025-03-22T12:41:02.743+0000] {logging_mixin.py:190} INFO - [2025-03-22T12:41:02.743+0000] {dag.py:3239} INFO - Sync 1 DAGs
[2025-03-22T12:41:02.786+0000] {logging_mixin.py:190} INFO - [2025-03-22T12:41:02.785+0000] {dag.py:3262} INFO - Creating ORM DAG for example_python_decorator
[2025-03-22T12:41:02.787+0000] {logging_mixin.py:190} INFO - [2025-03-22T12:41:02.786+0000] {dag.py:4180} INFO - Setting next_dagrun for example_python_decorator to None, run_after=None
[2025-03-22T12:41:02.808+0000] {processor.py:208} INFO - Processing /home/airflow/.local/lib/python3.12/site-packages/airflow/example_dags/example_python_decorator.py took 0.999 seconds
[2025-03-22T12:41:33.482+0000] {processor.py:186} INFO - Started process (PID=123) to work on /home/airflow/.local/lib/python3.12/site-packages/airflow/example_dags/example_python_decorator.py
[2025-03-22T12:41:33.483+0000] {processor.py:914} INFO - Processing file /home/airflow/.local/lib/python3.12/site-packages/airflow/example_dags/example_python_decorator.py for tasks to queue
[2025-03-22T12:41:33.486+0000] {logging_mixin.py:190} INFO - [2025-03-22T12:41:33.485+0000] {dagbag.py:588} INFO - Filling up the DagBag from /home/airflow/.local/lib/python3.12/site-packages/airflow/example_dags/example_python_decorator.py
[2025-03-22T12:41:33.503+0000] {processor.py:925} INFO - DAG(s) 'example_python_decorator' retrieved from /home/airflow/.local/lib/python3.12/site-packages/airflow/example_dags/example_python_decorator.py
[2025-03-22T12:41:33.527+0000] {logging_mixin.py:190} INFO - [2025-03-22T12:41:33.527+0000] {dag.py:3239} INFO - Sync 1 DAGs
[2025-03-22T12:41:33.543+0000] {logging_mixin.py:190} INFO - [2025-03-22T12:41:33.542+0000] {dag.py:4180} INFO - Setting next_dagrun for example_python_decorator to None, run_after=None
[2025-03-22T12:41:33.561+0000] {processor.py:208} INFO - Processing /home/airflow/.local/lib/python3.12/site-packages/airflow/example_dags/example_python_decorator.py took 0.084 seconds
