[2025-03-22T12:41:02.824+0000] {processor.py:186} INFO - Started process (PID=62) to work on /home/airflow/.local/lib/python3.12/site-packages/airflow/example_dags/example_display_name.py
[2025-03-22T12:41:02.825+0000] {processor.py:914} INFO - Processing file /home/airflow/.local/lib/python3.12/site-packages/airflow/example_dags/example_display_name.py for tasks to queue
[2025-03-22T12:41:02.827+0000] {logging_mixin.py:190} INFO - [2025-03-22T12:41:02.827+0000] {dagbag.py:588} INFO - Filling up the DagBag from /home/airflow/.local/lib/python3.12/site-packages/airflow/example_dags/example_display_name.py
[2025-03-22T12:41:02.835+0000] {processor.py:925} INFO - DAG(s) 'example_display_name' retrieved from /home/airflow/.local/lib/python3.12/site-packages/airflow/example_dags/example_display_name.py
[2025-03-22T12:41:03.153+0000] {logging_mixin.py:190} INFO - [2025-03-22T12:41:03.152+0000] {override.py:1912} INFO - Created Permission View: can read on DAG:example_display_name
[2025-03-22T12:41:03.168+0000] {logging_mixin.py:190} INFO - [2025-03-22T12:41:03.167+0000] {override.py:1912} INFO - Created Permission View: can edit on DAG:example_display_name
[2025-03-22T12:41:03.176+0000] {logging_mixin.py:190} INFO - [2025-03-22T12:41:03.176+0000] {override.py:1912} INFO - Created Permission View: can delete on DAG:example_display_name
[2025-03-22T12:41:03.200+0000] {logging_mixin.py:190} INFO - [2025-03-22T12:41:03.200+0000] {override.py:1912} INFO - Created Permission View: menu access on DAG Run:example_display_name
[2025-03-22T12:41:03.212+0000] {logging_mixin.py:190} INFO - [2025-03-22T12:41:03.212+0000] {override.py:1912} INFO - Created Permission View: can read on DAG Run:example_display_name
[2025-03-22T12:41:03.224+0000] {logging_mixin.py:190} INFO - [2025-03-22T12:41:03.223+0000] {override.py:1912} INFO - Created Permission View: can create on DAG Run:example_display_name
[2025-03-22T12:41:03.229+0000] {logging_mixin.py:190} INFO - [2025-03-22T12:41:03.229+0000] {override.py:1912} INFO - Created Permission View: can delete on DAG Run:example_display_name
[2025-03-22T12:41:03.229+0000] {logging_mixin.py:190} INFO - [2025-03-22T12:41:03.229+0000] {dag.py:3239} INFO - Sync 1 DAGs
[2025-03-22T12:41:03.245+0000] {logging_mixin.py:190} INFO - [2025-03-22T12:41:03.245+0000] {dag.py:3262} INFO - Creating ORM DAG for example_display_name
[2025-03-22T12:41:03.246+0000] {logging_mixin.py:190} INFO - [2025-03-22T12:41:03.246+0000] {dag.py:4180} INFO - Setting next_dagrun for example_display_name to None, run_after=None
[2025-03-22T12:41:03.259+0000] {processor.py:208} INFO - Processing /home/airflow/.local/lib/python3.12/site-packages/airflow/example_dags/example_display_name.py took 0.440 seconds
[2025-03-22T12:41:33.595+0000] {processor.py:186} INFO - Started process (PID=125) to work on /home/airflow/.local/lib/python3.12/site-packages/airflow/example_dags/example_display_name.py
[2025-03-22T12:41:33.597+0000] {processor.py:914} INFO - Processing file /home/airflow/.local/lib/python3.12/site-packages/airflow/example_dags/example_display_name.py for tasks to queue
[2025-03-22T12:41:33.599+0000] {logging_mixin.py:190} INFO - [2025-03-22T12:41:33.599+0000] {dagbag.py:588} INFO - Filling up the DagBag from /home/airflow/.local/lib/python3.12/site-packages/airflow/example_dags/example_display_name.py
[2025-03-22T12:41:33.607+0000] {processor.py:925} INFO - DAG(s) 'example_display_name' retrieved from /home/airflow/.local/lib/python3.12/site-packages/airflow/example_dags/example_display_name.py
[2025-03-22T12:41:33.634+0000] {logging_mixin.py:190} INFO - [2025-03-22T12:41:33.634+0000] {dag.py:3239} INFO - Sync 1 DAGs
[2025-03-22T12:41:33.650+0000] {logging_mixin.py:190} INFO - [2025-03-22T12:41:33.650+0000] {dag.py:4180} INFO - Setting next_dagrun for example_display_name to None, run_after=None
[2025-03-22T12:41:33.669+0000] {processor.py:208} INFO - Processing /home/airflow/.local/lib/python3.12/site-packages/airflow/example_dags/example_display_name.py took 0.083 seconds
