[2025-03-22T12:40:27.312+0000] {processor.py:186} INFO - Started process (PID=66) to work on /home/airflow/.local/lib/python3.12/site-packages/airflow/example_dags/example_sensor_decorator.py
[2025-03-22T12:40:27.315+0000] {processor.py:914} INFO - Processing file /home/airflow/.local/lib/python3.12/site-packages/airflow/example_dags/example_sensor_decorator.py for tasks to queue
[2025-03-22T12:40:27.339+0000] {logging_mixin.py:190} INFO - [2025-03-22T12:40:27.339+0000] {dagbag.py:588} INFO - Filling up the DagBag from /home/airflow/.local/lib/python3.12/site-packages/airflow/example_dags/example_sensor_decorator.py
[2025-03-22T12:40:27.412+0000] {processor.py:925} INFO - DAG(s) 'example_sensor_decorator' retrieved from /home/airflow/.local/lib/python3.12/site-packages/airflow/example_dags/example_sensor_decorator.py
[2025-03-22T12:40:28.818+0000] {logging_mixin.py:190} INFO - [2025-03-22T12:40:28.816+0000] {override.py:1912} INFO - Created Permission View: can delete on DAG:example_sensor_decorator
[2025-03-22T12:40:28.869+0000] {logging_mixin.py:190} INFO - [2025-03-22T12:40:28.868+0000] {override.py:1912} INFO - Created Permission View: can read on DAG:example_sensor_decorator
[2025-03-22T12:40:28.903+0000] {logging_mixin.py:190} INFO - [2025-03-22T12:40:28.902+0000] {override.py:1912} INFO - Created Permission View: can edit on DAG:example_sensor_decorator
[2025-03-22T12:40:28.929+0000] {logging_mixin.py:190} INFO - [2025-03-22T12:40:28.928+0000] {override.py:1912} INFO - Created Permission View: can delete on DAG Run:example_sensor_decorator
[2025-03-22T12:40:28.951+0000] {logging_mixin.py:190} INFO - [2025-03-22T12:40:28.951+0000] {override.py:1912} INFO - Created Permission View: can read on DAG Run:example_sensor_decorator
[2025-03-22T12:40:28.972+0000] {logging_mixin.py:190} INFO - [2025-03-22T12:40:28.972+0000] {override.py:1912} INFO - Created Permission View: can create on DAG Run:example_sensor_decorator
[2025-03-22T12:40:29.001+0000] {logging_mixin.py:190} INFO - [2025-03-22T12:40:28.999+0000] {override.py:1912} INFO - Created Permission View: menu access on DAG Run:example_sensor_decorator
[2025-03-22T12:40:29.002+0000] {logging_mixin.py:190} INFO - [2025-03-22T12:40:29.002+0000] {dag.py:3239} INFO - Sync 1 DAGs
[2025-03-22T12:40:29.051+0000] {logging_mixin.py:190} INFO - [2025-03-22T12:40:29.051+0000] {dag.py:3262} INFO - Creating ORM DAG for example_sensor_decorator
[2025-03-22T12:40:29.059+0000] {logging_mixin.py:190} INFO - [2025-03-22T12:40:29.059+0000] {dag.py:4180} INFO - Setting next_dagrun for example_sensor_decorator to None, run_after=None
[2025-03-22T12:40:29.128+0000] {processor.py:208} INFO - Processing /home/airflow/.local/lib/python3.12/site-packages/airflow/example_dags/example_sensor_decorator.py took 1.843 seconds
[2025-03-22T12:41:01.555+0000] {processor.py:186} INFO - Started process (PID=58) to work on /home/airflow/.local/lib/python3.12/site-packages/airflow/example_dags/example_sensor_decorator.py
[2025-03-22T12:41:01.557+0000] {processor.py:914} INFO - Processing file /home/airflow/.local/lib/python3.12/site-packages/airflow/example_dags/example_sensor_decorator.py for tasks to queue
[2025-03-22T12:41:01.568+0000] {logging_mixin.py:190} INFO - [2025-03-22T12:41:01.568+0000] {dagbag.py:588} INFO - Filling up the DagBag from /home/airflow/.local/lib/python3.12/site-packages/airflow/example_dags/example_sensor_decorator.py
[2025-03-22T12:41:01.601+0000] {processor.py:925} INFO - DAG(s) 'example_sensor_decorator' retrieved from /home/airflow/.local/lib/python3.12/site-packages/airflow/example_dags/example_sensor_decorator.py
[2025-03-22T12:41:01.667+0000] {logging_mixin.py:190} INFO - [2025-03-22T12:41:01.667+0000] {dag.py:3239} INFO - Sync 1 DAGs
[2025-03-22T12:41:01.699+0000] {logging_mixin.py:190} INFO - [2025-03-22T12:41:01.699+0000] {dag.py:4180} INFO - Setting next_dagrun for example_sensor_decorator to None, run_after=None
[2025-03-22T12:41:01.759+0000] {processor.py:208} INFO - Processing /home/airflow/.local/lib/python3.12/site-packages/airflow/example_dags/example_sensor_decorator.py took 0.216 seconds
[2025-03-22T12:41:32.375+0000] {processor.py:186} INFO - Started process (PID=121) to work on /home/airflow/.local/lib/python3.12/site-packages/airflow/example_dags/example_sensor_decorator.py
[2025-03-22T12:41:32.375+0000] {processor.py:914} INFO - Processing file /home/airflow/.local/lib/python3.12/site-packages/airflow/example_dags/example_sensor_decorator.py for tasks to queue
[2025-03-22T12:41:32.378+0000] {logging_mixin.py:190} INFO - [2025-03-22T12:41:32.378+0000] {dagbag.py:588} INFO - Filling up the DagBag from /home/airflow/.local/lib/python3.12/site-packages/airflow/example_dags/example_sensor_decorator.py
[2025-03-22T12:41:32.386+0000] {processor.py:925} INFO - DAG(s) 'example_sensor_decorator' retrieved from /home/airflow/.local/lib/python3.12/site-packages/airflow/example_dags/example_sensor_decorator.py
[2025-03-22T12:41:32.415+0000] {logging_mixin.py:190} INFO - [2025-03-22T12:41:32.414+0000] {dag.py:3239} INFO - Sync 1 DAGs
[2025-03-22T12:41:32.430+0000] {logging_mixin.py:190} INFO - [2025-03-22T12:41:32.430+0000] {dag.py:4180} INFO - Setting next_dagrun for example_sensor_decorator to None, run_after=None
[2025-03-22T12:41:32.449+0000] {processor.py:208} INFO - Processing /home/airflow/.local/lib/python3.12/site-packages/airflow/example_dags/example_sensor_decorator.py took 0.080 seconds
