[2025-03-22T12:41:05.352+0000] {processor.py:186} INFO - Started process (PID=76) to work on /home/airflow/.local/lib/python3.12/site-packages/airflow/example_dags/example_bash_decorator.py
[2025-03-22T12:41:05.353+0000] {processor.py:914} INFO - Processing file /home/airflow/.local/lib/python3.12/site-packages/airflow/example_dags/example_bash_decorator.py for tasks to queue
[2025-03-22T12:41:05.355+0000] {logging_mixin.py:190} INFO - [2025-03-22T12:41:05.355+0000] {dagbag.py:588} INFO - Filling up the DagBag from /home/airflow/.local/lib/python3.12/site-packages/airflow/example_dags/example_bash_decorator.py
[2025-03-22T12:41:05.372+0000] {processor.py:925} INFO - DAG(s) 'example_bash_decorator' retrieved from /home/airflow/.local/lib/python3.12/site-packages/airflow/example_dags/example_bash_decorator.py
[2025-03-22T12:41:05.517+0000] {logging_mixin.py:190} INFO - [2025-03-22T12:41:05.516+0000] {override.py:1912} INFO - Created Permission View: can read on DAG:example_bash_decorator
[2025-03-22T12:41:05.526+0000] {logging_mixin.py:190} INFO - [2025-03-22T12:41:05.526+0000] {override.py:1912} INFO - Created Permission View: can edit on DAG:example_bash_decorator
[2025-03-22T12:41:05.532+0000] {logging_mixin.py:190} INFO - [2025-03-22T12:41:05.532+0000] {override.py:1912} INFO - Created Permission View: can delete on DAG:example_bash_decorator
[2025-03-22T12:41:05.538+0000] {logging_mixin.py:190} INFO - [2025-03-22T12:41:05.537+0000] {override.py:1912} INFO - Created Permission View: menu access on DAG Run:example_bash_decorator
[2025-03-22T12:41:05.544+0000] {logging_mixin.py:190} INFO - [2025-03-22T12:41:05.544+0000] {override.py:1912} INFO - Created Permission View: can read on DAG Run:example_bash_decorator
[2025-03-22T12:41:05.561+0000] {logging_mixin.py:190} INFO - [2025-03-22T12:41:05.561+0000] {override.py:1912} INFO - Created Permission View: can create on DAG Run:example_bash_decorator
[2025-03-22T12:41:05.567+0000] {logging_mixin.py:190} INFO - [2025-03-22T12:41:05.567+0000] {override.py:1912} INFO - Created Permission View: can delete on DAG Run:example_bash_decorator
[2025-03-22T12:41:05.568+0000] {logging_mixin.py:190} INFO - [2025-03-22T12:41:05.567+0000] {dag.py:3239} INFO - Sync 1 DAGs
[2025-03-22T12:41:05.584+0000] {logging_mixin.py:190} INFO - [2025-03-22T12:41:05.583+0000] {dag.py:3262} INFO - Creating ORM DAG for example_bash_decorator
[2025-03-22T12:41:05.585+0000] {logging_mixin.py:190} INFO - [2025-03-22T12:41:05.584+0000] {dag.py:4180} INFO - Setting next_dagrun for example_bash_decorator to None, run_after=None
[2025-03-22T12:41:05.602+0000] {processor.py:208} INFO - Processing /home/airflow/.local/lib/python3.12/site-packages/airflow/example_dags/example_bash_decorator.py took 0.256 seconds
[2025-03-22T12:41:35.960+0000] {processor.py:186} INFO - Started process (PID=138) to work on /home/airflow/.local/lib/python3.12/site-packages/airflow/example_dags/example_bash_decorator.py
[2025-03-22T12:41:35.961+0000] {processor.py:914} INFO - Processing file /home/airflow/.local/lib/python3.12/site-packages/airflow/example_dags/example_bash_decorator.py for tasks to queue
[2025-03-22T12:41:35.963+0000] {logging_mixin.py:190} INFO - [2025-03-22T12:41:35.963+0000] {dagbag.py:588} INFO - Filling up the DagBag from /home/airflow/.local/lib/python3.12/site-packages/airflow/example_dags/example_bash_decorator.py
[2025-03-22T12:41:35.979+0000] {processor.py:925} INFO - DAG(s) 'example_bash_decorator' retrieved from /home/airflow/.local/lib/python3.12/site-packages/airflow/example_dags/example_bash_decorator.py
[2025-03-22T12:41:36.002+0000] {logging_mixin.py:190} INFO - [2025-03-22T12:41:36.002+0000] {dag.py:3239} INFO - Sync 1 DAGs
[2025-03-22T12:41:36.020+0000] {logging_mixin.py:190} INFO - [2025-03-22T12:41:36.020+0000] {dag.py:4180} INFO - Setting next_dagrun for example_bash_decorator to None, run_after=None
[2025-03-22T12:41:36.039+0000] {processor.py:208} INFO - Processing /home/airflow/.local/lib/python3.12/site-packages/airflow/example_dags/example_bash_decorator.py took 0.085 seconds
