[2025-03-22T12:41:17.661+0000] {processor.py:186} INFO - Started process (PID=111) to work on /home/airflow/.local/lib/python3.12/site-packages/airflow/example_dags/example_datasets.py
[2025-03-22T12:41:17.662+0000] {processor.py:914} INFO - Processing file /home/airflow/.local/lib/python3.12/site-packages/airflow/example_dags/example_datasets.py for tasks to queue
[2025-03-22T12:41:17.664+0000] {logging_mixin.py:190} INFO - [2025-03-22T12:41:17.664+0000] {dagbag.py:588} INFO - Filling up the DagBag from /home/airflow/.local/lib/python3.12/site-packages/airflow/example_dags/example_datasets.py
[2025-03-22T12:41:18.385+0000] {processor.py:925} INFO - DAG(s) 'consume_1_or_2_with_dataset_expressions', 'dataset_consumes_1_and_2', 'consume_1_and_2_with_dataset_expressions', 'dataset_produces_1', 'dataset_consumes_unknown_never_scheduled', 'dataset_consumes_1', 'consume_1_or_both_2_and_3_with_dataset_expressions', 'dataset_produces_2', 'dataset_consumes_1_never_scheduled', 'conditional_dataset_and_time_based_timetable' retrieved from /home/airflow/.local/lib/python3.12/site-packages/airflow/example_dags/example_datasets.py
[2025-03-22T12:41:18.546+0000] {logging_mixin.py:190} INFO - [2025-03-22T12:41:18.545+0000] {override.py:1912} INFO - Created Permission View: can read on DAG:consume_1_or_2_with_dataset_expressions
[2025-03-22T12:41:18.597+0000] {logging_mixin.py:190} INFO - [2025-03-22T12:41:18.596+0000] {override.py:1912} INFO - Created Permission View: can edit on DAG:consume_1_or_2_with_dataset_expressions
[2025-03-22T12:41:18.628+0000] {logging_mixin.py:190} INFO - [2025-03-22T12:41:18.627+0000] {override.py:1912} INFO - Created Permission View: can delete on DAG:consume_1_or_2_with_dataset_expressions
[2025-03-22T12:41:18.640+0000] {logging_mixin.py:190} INFO - [2025-03-22T12:41:18.639+0000] {override.py:1912} INFO - Created Permission View: menu access on DAG Run:consume_1_or_2_with_dataset_expressions
[2025-03-22T12:41:18.646+0000] {logging_mixin.py:190} INFO - [2025-03-22T12:41:18.645+0000] {override.py:1912} INFO - Created Permission View: can read on DAG Run:consume_1_or_2_with_dataset_expressions
[2025-03-22T12:41:18.652+0000] {logging_mixin.py:190} INFO - [2025-03-22T12:41:18.652+0000] {override.py:1912} INFO - Created Permission View: can create on DAG Run:consume_1_or_2_with_dataset_expressions
[2025-03-22T12:41:18.658+0000] {logging_mixin.py:190} INFO - [2025-03-22T12:41:18.658+0000] {override.py:1912} INFO - Created Permission View: can delete on DAG Run:consume_1_or_2_with_dataset_expressions
[2025-03-22T12:41:18.672+0000] {logging_mixin.py:190} INFO - [2025-03-22T12:41:18.672+0000] {override.py:1912} INFO - Created Permission View: can read on DAG:dataset_consumes_1_and_2
[2025-03-22T12:41:18.679+0000] {logging_mixin.py:190} INFO - [2025-03-22T12:41:18.678+0000] {override.py:1912} INFO - Created Permission View: can edit on DAG:dataset_consumes_1_and_2
[2025-03-22T12:41:18.685+0000] {logging_mixin.py:190} INFO - [2025-03-22T12:41:18.685+0000] {override.py:1912} INFO - Created Permission View: can delete on DAG:dataset_consumes_1_and_2
[2025-03-22T12:41:18.691+0000] {logging_mixin.py:190} INFO - [2025-03-22T12:41:18.691+0000] {override.py:1912} INFO - Created Permission View: menu access on DAG Run:dataset_consumes_1_and_2
[2025-03-22T12:41:18.698+0000] {logging_mixin.py:190} INFO - [2025-03-22T12:41:18.697+0000] {override.py:1912} INFO - Created Permission View: can read on DAG Run:dataset_consumes_1_and_2
[2025-03-22T12:41:18.704+0000] {logging_mixin.py:190} INFO - [2025-03-22T12:41:18.704+0000] {override.py:1912} INFO - Created Permission View: can create on DAG Run:dataset_consumes_1_and_2
[2025-03-22T12:41:18.711+0000] {logging_mixin.py:190} INFO - [2025-03-22T12:41:18.710+0000] {override.py:1912} INFO - Created Permission View: can delete on DAG Run:dataset_consumes_1_and_2
[2025-03-22T12:41:18.723+0000] {logging_mixin.py:190} INFO - [2025-03-22T12:41:18.722+0000] {override.py:1912} INFO - Created Permission View: can read on DAG:consume_1_and_2_with_dataset_expressions
[2025-03-22T12:41:18.730+0000] {logging_mixin.py:190} INFO - [2025-03-22T12:41:18.730+0000] {override.py:1912} INFO - Created Permission View: can edit on DAG:consume_1_and_2_with_dataset_expressions
[2025-03-22T12:41:18.737+0000] {logging_mixin.py:190} INFO - [2025-03-22T12:41:18.736+0000] {override.py:1912} INFO - Created Permission View: can delete on DAG:consume_1_and_2_with_dataset_expressions
[2025-03-22T12:41:18.744+0000] {logging_mixin.py:190} INFO - [2025-03-22T12:41:18.743+0000] {override.py:1912} INFO - Created Permission View: menu access on DAG Run:consume_1_and_2_with_dataset_expressions
[2025-03-22T12:41:18.751+0000] {logging_mixin.py:190} INFO - [2025-03-22T12:41:18.751+0000] {override.py:1912} INFO - Created Permission View: can read on DAG Run:consume_1_and_2_with_dataset_expressions
[2025-03-22T12:41:18.759+0000] {logging_mixin.py:190} INFO - [2025-03-22T12:41:18.758+0000] {override.py:1912} INFO - Created Permission View: can create on DAG Run:consume_1_and_2_with_dataset_expressions
[2025-03-22T12:41:18.766+0000] {logging_mixin.py:190} INFO - [2025-03-22T12:41:18.765+0000] {override.py:1912} INFO - Created Permission View: can delete on DAG Run:consume_1_and_2_with_dataset_expressions
[2025-03-22T12:41:18.778+0000] {logging_mixin.py:190} INFO - [2025-03-22T12:41:18.778+0000] {override.py:1912} INFO - Created Permission View: can read on DAG:dataset_produces_1
[2025-03-22T12:41:18.785+0000] {logging_mixin.py:190} INFO - [2025-03-22T12:41:18.784+0000] {override.py:1912} INFO - Created Permission View: can edit on DAG:dataset_produces_1
[2025-03-22T12:41:18.791+0000] {logging_mixin.py:190} INFO - [2025-03-22T12:41:18.791+0000] {override.py:1912} INFO - Created Permission View: can delete on DAG:dataset_produces_1
[2025-03-22T12:41:18.798+0000] {logging_mixin.py:190} INFO - [2025-03-22T12:41:18.798+0000] {override.py:1912} INFO - Created Permission View: menu access on DAG Run:dataset_produces_1
[2025-03-22T12:41:18.805+0000] {logging_mixin.py:190} INFO - [2025-03-22T12:41:18.805+0000] {override.py:1912} INFO - Created Permission View: can read on DAG Run:dataset_produces_1
[2025-03-22T12:41:18.812+0000] {logging_mixin.py:190} INFO - [2025-03-22T12:41:18.811+0000] {override.py:1912} INFO - Created Permission View: can create on DAG Run:dataset_produces_1
[2025-03-22T12:41:18.818+0000] {logging_mixin.py:190} INFO - [2025-03-22T12:41:18.818+0000] {override.py:1912} INFO - Created Permission View: can delete on DAG Run:dataset_produces_1
[2025-03-22T12:41:18.832+0000] {logging_mixin.py:190} INFO - [2025-03-22T12:41:18.831+0000] {override.py:1912} INFO - Created Permission View: can read on DAG:dataset_consumes_unknown_never_scheduled
[2025-03-22T12:41:18.840+0000] {logging_mixin.py:190} INFO - [2025-03-22T12:41:18.840+0000] {override.py:1912} INFO - Created Permission View: can edit on DAG:dataset_consumes_unknown_never_scheduled
[2025-03-22T12:41:18.849+0000] {logging_mixin.py:190} INFO - [2025-03-22T12:41:18.848+0000] {override.py:1912} INFO - Created Permission View: can delete on DAG:dataset_consumes_unknown_never_scheduled
[2025-03-22T12:41:18.856+0000] {logging_mixin.py:190} INFO - [2025-03-22T12:41:18.855+0000] {override.py:1912} INFO - Created Permission View: menu access on DAG Run:dataset_consumes_unknown_never_scheduled
[2025-03-22T12:41:18.863+0000] {logging_mixin.py:190} INFO - [2025-03-22T12:41:18.863+0000] {override.py:1912} INFO - Created Permission View: can read on DAG Run:dataset_consumes_unknown_never_scheduled
[2025-03-22T12:41:18.871+0000] {logging_mixin.py:190} INFO - [2025-03-22T12:41:18.870+0000] {override.py:1912} INFO - Created Permission View: can create on DAG Run:dataset_consumes_unknown_never_scheduled
[2025-03-22T12:41:18.877+0000] {logging_mixin.py:190} INFO - [2025-03-22T12:41:18.877+0000] {override.py:1912} INFO - Created Permission View: can delete on DAG Run:dataset_consumes_unknown_never_scheduled
[2025-03-22T12:41:18.890+0000] {logging_mixin.py:190} INFO - [2025-03-22T12:41:18.889+0000] {override.py:1912} INFO - Created Permission View: can read on DAG:dataset_consumes_1
[2025-03-22T12:41:18.896+0000] {logging_mixin.py:190} INFO - [2025-03-22T12:41:18.896+0000] {override.py:1912} INFO - Created Permission View: can edit on DAG:dataset_consumes_1
[2025-03-22T12:41:18.903+0000] {logging_mixin.py:190} INFO - [2025-03-22T12:41:18.902+0000] {override.py:1912} INFO - Created Permission View: can delete on DAG:dataset_consumes_1
[2025-03-22T12:41:18.912+0000] {logging_mixin.py:190} INFO - [2025-03-22T12:41:18.912+0000] {override.py:1912} INFO - Created Permission View: menu access on DAG Run:dataset_consumes_1
[2025-03-22T12:41:18.920+0000] {logging_mixin.py:190} INFO - [2025-03-22T12:41:18.920+0000] {override.py:1912} INFO - Created Permission View: can read on DAG Run:dataset_consumes_1
[2025-03-22T12:41:18.927+0000] {logging_mixin.py:190} INFO - [2025-03-22T12:41:18.927+0000] {override.py:1912} INFO - Created Permission View: can create on DAG Run:dataset_consumes_1
[2025-03-22T12:41:18.934+0000] {logging_mixin.py:190} INFO - [2025-03-22T12:41:18.933+0000] {override.py:1912} INFO - Created Permission View: can delete on DAG Run:dataset_consumes_1
[2025-03-22T12:41:18.946+0000] {logging_mixin.py:190} INFO - [2025-03-22T12:41:18.946+0000] {override.py:1912} INFO - Created Permission View: can read on DAG:consume_1_or_both_2_and_3_with_dataset_expressions
[2025-03-22T12:41:18.952+0000] {logging_mixin.py:190} INFO - [2025-03-22T12:41:18.952+0000] {override.py:1912} INFO - Created Permission View: can edit on DAG:consume_1_or_both_2_and_3_with_dataset_expressions
[2025-03-22T12:41:18.959+0000] {logging_mixin.py:190} INFO - [2025-03-22T12:41:18.958+0000] {override.py:1912} INFO - Created Permission View: can delete on DAG:consume_1_or_both_2_and_3_with_dataset_expressions
[2025-03-22T12:41:18.966+0000] {logging_mixin.py:190} INFO - [2025-03-22T12:41:18.965+0000] {override.py:1912} INFO - Created Permission View: menu access on DAG Run:consume_1_or_both_2_and_3_with_dataset_expressions
[2025-03-22T12:41:18.972+0000] {logging_mixin.py:190} INFO - [2025-03-22T12:41:18.972+0000] {override.py:1912} INFO - Created Permission View: can read on DAG Run:consume_1_or_both_2_and_3_with_dataset_expressions
[2025-03-22T12:41:18.979+0000] {logging_mixin.py:190} INFO - [2025-03-22T12:41:18.978+0000] {override.py:1912} INFO - Created Permission View: can create on DAG Run:consume_1_or_both_2_and_3_with_dataset_expressions
[2025-03-22T12:41:18.986+0000] {logging_mixin.py:190} INFO - [2025-03-22T12:41:18.985+0000] {override.py:1912} INFO - Created Permission View: can delete on DAG Run:consume_1_or_both_2_and_3_with_dataset_expressions
[2025-03-22T12:41:18.997+0000] {logging_mixin.py:190} INFO - [2025-03-22T12:41:18.997+0000] {override.py:1912} INFO - Created Permission View: can read on DAG:dataset_produces_2
[2025-03-22T12:41:19.005+0000] {logging_mixin.py:190} INFO - [2025-03-22T12:41:19.004+0000] {override.py:1912} INFO - Created Permission View: can edit on DAG:dataset_produces_2
[2025-03-22T12:41:19.011+0000] {logging_mixin.py:190} INFO - [2025-03-22T12:41:19.011+0000] {override.py:1912} INFO - Created Permission View: can delete on DAG:dataset_produces_2
[2025-03-22T12:41:19.018+0000] {logging_mixin.py:190} INFO - [2025-03-22T12:41:19.018+0000] {override.py:1912} INFO - Created Permission View: menu access on DAG Run:dataset_produces_2
[2025-03-22T12:41:19.026+0000] {logging_mixin.py:190} INFO - [2025-03-22T12:41:19.026+0000] {override.py:1912} INFO - Created Permission View: can read on DAG Run:dataset_produces_2
[2025-03-22T12:41:19.033+0000] {logging_mixin.py:190} INFO - [2025-03-22T12:41:19.032+0000] {override.py:1912} INFO - Created Permission View: can create on DAG Run:dataset_produces_2
[2025-03-22T12:41:19.040+0000] {logging_mixin.py:190} INFO - [2025-03-22T12:41:19.039+0000] {override.py:1912} INFO - Created Permission View: can delete on DAG Run:dataset_produces_2
[2025-03-22T12:41:19.052+0000] {logging_mixin.py:190} INFO - [2025-03-22T12:41:19.051+0000] {override.py:1912} INFO - Created Permission View: can read on DAG:dataset_consumes_1_never_scheduled
[2025-03-22T12:41:19.058+0000] {logging_mixin.py:190} INFO - [2025-03-22T12:41:19.058+0000] {override.py:1912} INFO - Created Permission View: can edit on DAG:dataset_consumes_1_never_scheduled
[2025-03-22T12:41:19.064+0000] {logging_mixin.py:190} INFO - [2025-03-22T12:41:19.064+0000] {override.py:1912} INFO - Created Permission View: can delete on DAG:dataset_consumes_1_never_scheduled
[2025-03-22T12:41:19.070+0000] {logging_mixin.py:190} INFO - [2025-03-22T12:41:19.070+0000] {override.py:1912} INFO - Created Permission View: menu access on DAG Run:dataset_consumes_1_never_scheduled
[2025-03-22T12:41:19.076+0000] {logging_mixin.py:190} INFO - [2025-03-22T12:41:19.076+0000] {override.py:1912} INFO - Created Permission View: can read on DAG Run:dataset_consumes_1_never_scheduled
[2025-03-22T12:41:19.083+0000] {logging_mixin.py:190} INFO - [2025-03-22T12:41:19.082+0000] {override.py:1912} INFO - Created Permission View: can create on DAG Run:dataset_consumes_1_never_scheduled
[2025-03-22T12:41:19.089+0000] {logging_mixin.py:190} INFO - [2025-03-22T12:41:19.089+0000] {override.py:1912} INFO - Created Permission View: can delete on DAG Run:dataset_consumes_1_never_scheduled
[2025-03-22T12:41:19.101+0000] {logging_mixin.py:190} INFO - [2025-03-22T12:41:19.101+0000] {override.py:1912} INFO - Created Permission View: can read on DAG:conditional_dataset_and_time_based_timetable
[2025-03-22T12:41:19.107+0000] {logging_mixin.py:190} INFO - [2025-03-22T12:41:19.106+0000] {override.py:1912} INFO - Created Permission View: can edit on DAG:conditional_dataset_and_time_based_timetable
[2025-03-22T12:41:19.113+0000] {logging_mixin.py:190} INFO - [2025-03-22T12:41:19.112+0000] {override.py:1912} INFO - Created Permission View: can delete on DAG:conditional_dataset_and_time_based_timetable
[2025-03-22T12:41:19.118+0000] {logging_mixin.py:190} INFO - [2025-03-22T12:41:19.118+0000] {override.py:1912} INFO - Created Permission View: menu access on DAG Run:conditional_dataset_and_time_based_timetable
[2025-03-22T12:41:19.124+0000] {logging_mixin.py:190} INFO - [2025-03-22T12:41:19.124+0000] {override.py:1912} INFO - Created Permission View: can read on DAG Run:conditional_dataset_and_time_based_timetable
[2025-03-22T12:41:19.130+0000] {logging_mixin.py:190} INFO - [2025-03-22T12:41:19.130+0000] {override.py:1912} INFO - Created Permission View: can create on DAG Run:conditional_dataset_and_time_based_timetable
[2025-03-22T12:41:19.137+0000] {logging_mixin.py:190} INFO - [2025-03-22T12:41:19.137+0000] {override.py:1912} INFO - Created Permission View: can delete on DAG Run:conditional_dataset_and_time_based_timetable
[2025-03-22T12:41:19.138+0000] {logging_mixin.py:190} INFO - [2025-03-22T12:41:19.137+0000] {dag.py:3239} INFO - Sync 10 DAGs
[2025-03-22T12:41:19.154+0000] {logging_mixin.py:190} INFO - [2025-03-22T12:41:19.153+0000] {dag.py:3262} INFO - Creating ORM DAG for consume_1_or_2_with_dataset_expressions
[2025-03-22T12:41:19.155+0000] {logging_mixin.py:190} INFO - [2025-03-22T12:41:19.155+0000] {dag.py:3262} INFO - Creating ORM DAG for dataset_consumes_unknown_never_scheduled
[2025-03-22T12:41:19.156+0000] {logging_mixin.py:190} INFO - [2025-03-22T12:41:19.156+0000] {dag.py:3262} INFO - Creating ORM DAG for dataset_produces_1
[2025-03-22T12:41:19.157+0000] {logging_mixin.py:190} INFO - [2025-03-22T12:41:19.156+0000] {dag.py:3262} INFO - Creating ORM DAG for dataset_produces_2
[2025-03-22T12:41:19.157+0000] {logging_mixin.py:190} INFO - [2025-03-22T12:41:19.157+0000] {dag.py:3262} INFO - Creating ORM DAG for dataset_consumes_1
[2025-03-22T12:41:19.158+0000] {logging_mixin.py:190} INFO - [2025-03-22T12:41:19.158+0000] {dag.py:3262} INFO - Creating ORM DAG for conditional_dataset_and_time_based_timetable
[2025-03-22T12:41:19.159+0000] {logging_mixin.py:190} INFO - [2025-03-22T12:41:19.158+0000] {dag.py:3262} INFO - Creating ORM DAG for consume_1_and_2_with_dataset_expressions
[2025-03-22T12:41:19.159+0000] {logging_mixin.py:190} INFO - [2025-03-22T12:41:19.159+0000] {dag.py:3262} INFO - Creating ORM DAG for dataset_consumes_1_never_scheduled
[2025-03-22T12:41:19.160+0000] {logging_mixin.py:190} INFO - [2025-03-22T12:41:19.160+0000] {dag.py:3262} INFO - Creating ORM DAG for consume_1_or_both_2_and_3_with_dataset_expressions
[2025-03-22T12:41:19.160+0000] {logging_mixin.py:190} INFO - [2025-03-22T12:41:19.160+0000] {dag.py:3262} INFO - Creating ORM DAG for dataset_consumes_1_and_2
[2025-03-22T12:41:19.172+0000] {logging_mixin.py:190} INFO - [2025-03-22T12:41:19.172+0000] {dag.py:4180} INFO - Setting next_dagrun for conditional_dataset_and_time_based_timetable to 2025-03-19 01:00:00+00:00, run_after=2025-03-19 01:00:00+00:00
[2025-03-22T12:41:19.173+0000] {logging_mixin.py:190} INFO - [2025-03-22T12:41:19.173+0000] {dag.py:4180} INFO - Setting next_dagrun for consume_1_and_2_with_dataset_expressions to None, run_after=None
[2025-03-22T12:41:19.173+0000] {logging_mixin.py:190} INFO - [2025-03-22T12:41:19.173+0000] {dag.py:4180} INFO - Setting next_dagrun for consume_1_or_2_with_dataset_expressions to None, run_after=None
[2025-03-22T12:41:19.174+0000] {logging_mixin.py:190} INFO - [2025-03-22T12:41:19.174+0000] {dag.py:4180} INFO - Setting next_dagrun for consume_1_or_both_2_and_3_with_dataset_expressions to None, run_after=None
[2025-03-22T12:41:19.174+0000] {logging_mixin.py:190} INFO - [2025-03-22T12:41:19.174+0000] {dag.py:4180} INFO - Setting next_dagrun for dataset_consumes_1 to None, run_after=None
[2025-03-22T12:41:19.175+0000] {logging_mixin.py:190} INFO - [2025-03-22T12:41:19.174+0000] {dag.py:4180} INFO - Setting next_dagrun for dataset_consumes_1_and_2 to None, run_after=None
[2025-03-22T12:41:19.175+0000] {logging_mixin.py:190} INFO - [2025-03-22T12:41:19.175+0000] {dag.py:4180} INFO - Setting next_dagrun for dataset_consumes_1_never_scheduled to None, run_after=None
[2025-03-22T12:41:19.176+0000] {logging_mixin.py:190} INFO - [2025-03-22T12:41:19.176+0000] {dag.py:4180} INFO - Setting next_dagrun for dataset_consumes_unknown_never_scheduled to None, run_after=None
[2025-03-22T12:41:19.178+0000] {logging_mixin.py:190} INFO - [2025-03-22T12:41:19.178+0000] {dag.py:4180} INFO - Setting next_dagrun for dataset_produces_1 to 2025-03-21 00:00:00+00:00, run_after=2025-03-22 00:00:00+00:00
[2025-03-22T12:41:19.178+0000] {logging_mixin.py:190} INFO - [2025-03-22T12:41:19.178+0000] {dag.py:4180} INFO - Setting next_dagrun for dataset_produces_2 to None, run_after=None
[2025-03-22T12:41:19.232+0000] {processor.py:208} INFO - Processing /home/airflow/.local/lib/python3.12/site-packages/airflow/example_dags/example_datasets.py took 1.578 seconds
