[2025-03-22T12:41:15.543+0000] {processor.py:186} INFO - Started process (PID=102) to work on /home/airflow/.local/lib/python3.12/site-packages/airflow/example_dags/example_outlet_event_extra.py
[2025-03-22T12:41:15.544+0000] {processor.py:914} INFO - Processing file /home/airflow/.local/lib/python3.12/site-packages/airflow/example_dags/example_outlet_event_extra.py for tasks to queue
[2025-03-22T12:41:15.547+0000] {logging_mixin.py:190} INFO - [2025-03-22T12:41:15.547+0000] {dagbag.py:588} INFO - Filling up the DagBag from /home/airflow/.local/lib/python3.12/site-packages/airflow/example_dags/example_outlet_event_extra.py
[2025-03-22T12:41:16.374+0000] {processor.py:925} INFO - DAG(s) 'dataset_with_extra_from_classic_operator', 'dataset_with_extra_by_yield', 'dataset_with_extra_by_context' retrieved from /home/airflow/.local/lib/python3.12/site-packages/airflow/example_dags/example_outlet_event_extra.py
[2025-03-22T12:41:16.520+0000] {logging_mixin.py:190} INFO - [2025-03-22T12:41:16.519+0000] {override.py:1912} INFO - Created Permission View: can read on DAG:dataset_with_extra_from_classic_operator
[2025-03-22T12:41:16.532+0000] {logging_mixin.py:190} INFO - [2025-03-22T12:41:16.532+0000] {override.py:1912} INFO - Created Permission View: can edit on DAG:dataset_with_extra_from_classic_operator
[2025-03-22T12:41:16.539+0000] {logging_mixin.py:190} INFO - [2025-03-22T12:41:16.538+0000] {override.py:1912} INFO - Created Permission View: can delete on DAG:dataset_with_extra_from_classic_operator
[2025-03-22T12:41:16.545+0000] {logging_mixin.py:190} INFO - [2025-03-22T12:41:16.545+0000] {override.py:1912} INFO - Created Permission View: menu access on DAG Run:dataset_with_extra_from_classic_operator
[2025-03-22T12:41:16.551+0000] {logging_mixin.py:190} INFO - [2025-03-22T12:41:16.551+0000] {override.py:1912} INFO - Created Permission View: can read on DAG Run:dataset_with_extra_from_classic_operator
[2025-03-22T12:41:16.558+0000] {logging_mixin.py:190} INFO - [2025-03-22T12:41:16.557+0000] {override.py:1912} INFO - Created Permission View: can create on DAG Run:dataset_with_extra_from_classic_operator
[2025-03-22T12:41:16.564+0000] {logging_mixin.py:190} INFO - [2025-03-22T12:41:16.564+0000] {override.py:1912} INFO - Created Permission View: can delete on DAG Run:dataset_with_extra_from_classic_operator
[2025-03-22T12:41:16.577+0000] {logging_mixin.py:190} INFO - [2025-03-22T12:41:16.577+0000] {override.py:1912} INFO - Created Permission View: can read on DAG:dataset_with_extra_by_yield
[2025-03-22T12:41:16.583+0000] {logging_mixin.py:190} INFO - [2025-03-22T12:41:16.583+0000] {override.py:1912} INFO - Created Permission View: can edit on DAG:dataset_with_extra_by_yield
[2025-03-22T12:41:16.589+0000] {logging_mixin.py:190} INFO - [2025-03-22T12:41:16.589+0000] {override.py:1912} INFO - Created Permission View: can delete on DAG:dataset_with_extra_by_yield
[2025-03-22T12:41:16.595+0000] {logging_mixin.py:190} INFO - [2025-03-22T12:41:16.595+0000] {override.py:1912} INFO - Created Permission View: menu access on DAG Run:dataset_with_extra_by_yield
[2025-03-22T12:41:16.601+0000] {logging_mixin.py:190} INFO - [2025-03-22T12:41:16.601+0000] {override.py:1912} INFO - Created Permission View: can read on DAG Run:dataset_with_extra_by_yield
[2025-03-22T12:41:16.607+0000] {logging_mixin.py:190} INFO - [2025-03-22T12:41:16.607+0000] {override.py:1912} INFO - Created Permission View: can create on DAG Run:dataset_with_extra_by_yield
[2025-03-22T12:41:16.613+0000] {logging_mixin.py:190} INFO - [2025-03-22T12:41:16.613+0000] {override.py:1912} INFO - Created Permission View: can delete on DAG Run:dataset_with_extra_by_yield
[2025-03-22T12:41:16.624+0000] {logging_mixin.py:190} INFO - [2025-03-22T12:41:16.624+0000] {override.py:1912} INFO - Created Permission View: can read on DAG:dataset_with_extra_by_context
[2025-03-22T12:41:16.630+0000] {logging_mixin.py:190} INFO - [2025-03-22T12:41:16.630+0000] {override.py:1912} INFO - Created Permission View: can edit on DAG:dataset_with_extra_by_context
[2025-03-22T12:41:16.636+0000] {logging_mixin.py:190} INFO - [2025-03-22T12:41:16.636+0000] {override.py:1912} INFO - Created Permission View: can delete on DAG:dataset_with_extra_by_context
[2025-03-22T12:41:16.642+0000] {logging_mixin.py:190} INFO - [2025-03-22T12:41:16.642+0000] {override.py:1912} INFO - Created Permission View: menu access on DAG Run:dataset_with_extra_by_context
[2025-03-22T12:41:16.648+0000] {logging_mixin.py:190} INFO - [2025-03-22T12:41:16.648+0000] {override.py:1912} INFO - Created Permission View: can read on DAG Run:dataset_with_extra_by_context
[2025-03-22T12:41:16.655+0000] {logging_mixin.py:190} INFO - [2025-03-22T12:41:16.654+0000] {override.py:1912} INFO - Created Permission View: can create on DAG Run:dataset_with_extra_by_context
[2025-03-22T12:41:16.661+0000] {logging_mixin.py:190} INFO - [2025-03-22T12:41:16.660+0000] {override.py:1912} INFO - Created Permission View: can delete on DAG Run:dataset_with_extra_by_context
[2025-03-22T12:41:16.661+0000] {logging_mixin.py:190} INFO - [2025-03-22T12:41:16.661+0000] {dag.py:3239} INFO - Sync 3 DAGs
[2025-03-22T12:41:16.678+0000] {logging_mixin.py:190} INFO - [2025-03-22T12:41:16.677+0000] {dag.py:3262} INFO - Creating ORM DAG for dataset_with_extra_by_yield
[2025-03-22T12:41:16.678+0000] {logging_mixin.py:190} INFO - [2025-03-22T12:41:16.678+0000] {dag.py:3262} INFO - Creating ORM DAG for dataset_with_extra_by_context
[2025-03-22T12:41:16.679+0000] {logging_mixin.py:190} INFO - [2025-03-22T12:41:16.679+0000] {dag.py:3262} INFO - Creating ORM DAG for dataset_with_extra_from_classic_operator
[2025-03-22T12:41:16.692+0000] {logging_mixin.py:190} INFO - [2025-03-22T12:41:16.692+0000] {dag.py:4180} INFO - Setting next_dagrun for dataset_with_extra_by_context to 2025-03-21 00:00:00+00:00, run_after=2025-03-22 00:00:00+00:00
[2025-03-22T12:41:16.695+0000] {logging_mixin.py:190} INFO - [2025-03-22T12:41:16.695+0000] {dag.py:4180} INFO - Setting next_dagrun for dataset_with_extra_by_yield to 2025-03-21 00:00:00+00:00, run_after=2025-03-22 00:00:00+00:00
[2025-03-22T12:41:16.697+0000] {logging_mixin.py:190} INFO - [2025-03-22T12:41:16.697+0000] {dag.py:4180} INFO - Setting next_dagrun for dataset_with_extra_from_classic_operator to 2025-03-21 00:00:00+00:00, run_after=2025-03-22 00:00:00+00:00
[2025-03-22T12:41:16.723+0000] {processor.py:208} INFO - Processing /home/airflow/.local/lib/python3.12/site-packages/airflow/example_dags/example_outlet_event_extra.py took 1.186 seconds
