[2025-03-22T12:41:05.642+0000] {processor.py:186} INFO - Started process (PID=77) to work on /home/airflow/.local/lib/python3.12/site-packages/airflow/example_dags/example_xcom.py
[2025-03-22T12:41:05.643+0000] {processor.py:914} INFO - Processing file /home/airflow/.local/lib/python3.12/site-packages/airflow/example_dags/example_xcom.py for tasks to queue
[2025-03-22T12:41:05.645+0000] {logging_mixin.py:190} INFO - [2025-03-22T12:41:05.644+0000] {dagbag.py:588} INFO - Filling up the DagBag from /home/airflow/.local/lib/python3.12/site-packages/airflow/example_dags/example_xcom.py
[2025-03-22T12:41:05.656+0000] {processor.py:925} INFO - DAG(s) 'example_xcom' retrieved from /home/airflow/.local/lib/python3.12/site-packages/airflow/example_dags/example_xcom.py
[2025-03-22T12:41:05.786+0000] {logging_mixin.py:190} INFO - [2025-03-22T12:41:05.786+0000] {override.py:1912} INFO - Created Permission View: can read on DAG:example_xcom
[2025-03-22T12:41:05.795+0000] {logging_mixin.py:190} INFO - [2025-03-22T12:41:05.795+0000] {override.py:1912} INFO - Created Permission View: can edit on DAG:example_xcom
[2025-03-22T12:41:05.800+0000] {logging_mixin.py:190} INFO - [2025-03-22T12:41:05.800+0000] {override.py:1912} INFO - Created Permission View: can delete on DAG:example_xcom
[2025-03-22T12:41:05.806+0000] {logging_mixin.py:190} INFO - [2025-03-22T12:41:05.806+0000] {override.py:1912} INFO - Created Permission View: menu access on DAG Run:example_xcom
[2025-03-22T12:41:05.811+0000] {logging_mixin.py:190} INFO - [2025-03-22T12:41:05.811+0000] {override.py:1912} INFO - Created Permission View: can read on DAG Run:example_xcom
[2025-03-22T12:41:05.816+0000] {logging_mixin.py:190} INFO - [2025-03-22T12:41:05.816+0000] {override.py:1912} INFO - Created Permission View: can create on DAG Run:example_xcom
[2025-03-22T12:41:05.822+0000] {logging_mixin.py:190} INFO - [2025-03-22T12:41:05.821+0000] {override.py:1912} INFO - Created Permission View: can delete on DAG Run:example_xcom
[2025-03-22T12:41:05.822+0000] {logging_mixin.py:190} INFO - [2025-03-22T12:41:05.822+0000] {dag.py:3239} INFO - Sync 1 DAGs
[2025-03-22T12:41:05.838+0000] {logging_mixin.py:190} INFO - [2025-03-22T12:41:05.838+0000] {dag.py:3262} INFO - Creating ORM DAG for example_xcom
[2025-03-22T12:41:05.848+0000] {logging_mixin.py:190} INFO - [2025-03-22T12:41:05.848+0000] {dag.py:4180} INFO - Setting next_dagrun for example_xcom to 2021-01-01 00:00:00+00:00, run_after=2021-01-01 00:00:00+00:00
[2025-03-22T12:41:05.864+0000] {processor.py:208} INFO - Processing /home/airflow/.local/lib/python3.12/site-packages/airflow/example_dags/example_xcom.py took 0.229 seconds
[2025-03-22T12:41:36.009+0000] {processor.py:186} INFO - Started process (PID=139) to work on /home/airflow/.local/lib/python3.12/site-packages/airflow/example_dags/example_xcom.py
[2025-03-22T12:41:36.010+0000] {processor.py:914} INFO - Processing file /home/airflow/.local/lib/python3.12/site-packages/airflow/example_dags/example_xcom.py for tasks to queue
[2025-03-22T12:41:36.012+0000] {logging_mixin.py:190} INFO - [2025-03-22T12:41:36.012+0000] {dagbag.py:588} INFO - Filling up the DagBag from /home/airflow/.local/lib/python3.12/site-packages/airflow/example_dags/example_xcom.py
[2025-03-22T12:41:36.023+0000] {processor.py:925} INFO - DAG(s) 'example_xcom' retrieved from /home/airflow/.local/lib/python3.12/site-packages/airflow/example_dags/example_xcom.py
[2025-03-22T12:41:36.044+0000] {logging_mixin.py:190} INFO - [2025-03-22T12:41:36.043+0000] {dag.py:3239} INFO - Sync 1 DAGs
[2025-03-22T12:41:36.065+0000] {logging_mixin.py:190} INFO - [2025-03-22T12:41:36.064+0000] {dag.py:4180} INFO - Setting next_dagrun for example_xcom to 2021-01-01 00:00:00+00:00, run_after=2021-01-01 00:00:00+00:00
[2025-03-22T12:41:36.077+0000] {processor.py:208} INFO - Processing /home/airflow/.local/lib/python3.12/site-packages/airflow/example_dags/example_xcom.py took 0.074 seconds
