[2025-03-22T12:40:27.440+0000] {processor.py:186} INFO - Started process (PID=67) to work on /home/airflow/.local/lib/python3.12/site-packages/airflow/example_dags/example_sensors.py
[2025-03-22T12:40:27.453+0000] {processor.py:914} INFO - Processing file /home/airflow/.local/lib/python3.12/site-packages/airflow/example_dags/example_sensors.py for tasks to queue
[2025-03-22T12:40:27.458+0000] {logging_mixin.py:190} INFO - [2025-03-22T12:40:27.457+0000] {dagbag.py:588} INFO - Filling up the DagBag from /home/airflow/.local/lib/python3.12/site-packages/airflow/example_dags/example_sensors.py
[2025-03-22T12:40:27.545+0000] {processor.py:925} INFO - DAG(s) 'example_sensors' retrieved from /home/airflow/.local/lib/python3.12/site-packages/airflow/example_dags/example_sensors.py
[2025-03-22T12:40:28.800+0000] {logging_mixin.py:190} INFO - [2025-03-22T12:40:28.799+0000] {override.py:1912} INFO - Created Permission View: can delete on DAG:example_sensors
[2025-03-22T12:40:28.837+0000] {logging_mixin.py:190} INFO - [2025-03-22T12:40:28.836+0000] {override.py:1912} INFO - Created Permission View: can read on DAG:example_sensors
[2025-03-22T12:40:28.853+0000] {logging_mixin.py:190} INFO - [2025-03-22T12:40:28.853+0000] {override.py:1912} INFO - Created Permission View: can edit on DAG:example_sensors
[2025-03-22T12:40:28.869+0000] {logging_mixin.py:190} INFO - [2025-03-22T12:40:28.869+0000] {override.py:1912} INFO - Created Permission View: can delete on DAG Run:example_sensors
[2025-03-22T12:40:28.892+0000] {logging_mixin.py:190} INFO - [2025-03-22T12:40:28.891+0000] {override.py:1912} INFO - Created Permission View: can read on DAG Run:example_sensors
[2025-03-22T12:40:28.914+0000] {logging_mixin.py:190} INFO - [2025-03-22T12:40:28.914+0000] {override.py:1912} INFO - Created Permission View: can create on DAG Run:example_sensors
[2025-03-22T12:40:28.937+0000] {logging_mixin.py:190} INFO - [2025-03-22T12:40:28.936+0000] {override.py:1912} INFO - Created Permission View: menu access on DAG Run:example_sensors
[2025-03-22T12:40:28.937+0000] {logging_mixin.py:190} INFO - [2025-03-22T12:40:28.937+0000] {dag.py:3239} INFO - Sync 1 DAGs
[2025-03-22T12:40:28.988+0000] {logging_mixin.py:190} INFO - [2025-03-22T12:40:28.988+0000] {dag.py:3262} INFO - Creating ORM DAG for example_sensors
[2025-03-22T12:40:28.996+0000] {logging_mixin.py:190} INFO - [2025-03-22T12:40:28.996+0000] {dag.py:4180} INFO - Setting next_dagrun for example_sensors to None, run_after=None
[2025-03-22T12:40:29.065+0000] {processor.py:208} INFO - Processing /home/airflow/.local/lib/python3.12/site-packages/airflow/example_dags/example_sensors.py took 1.664 seconds
[2025-03-22T12:41:01.596+0000] {processor.py:186} INFO - Started process (PID=59) to work on /home/airflow/.local/lib/python3.12/site-packages/airflow/example_dags/example_sensors.py
[2025-03-22T12:41:01.599+0000] {processor.py:914} INFO - Processing file /home/airflow/.local/lib/python3.12/site-packages/airflow/example_dags/example_sensors.py for tasks to queue
[2025-03-22T12:41:01.608+0000] {logging_mixin.py:190} INFO - [2025-03-22T12:41:01.608+0000] {dagbag.py:588} INFO - Filling up the DagBag from /home/airflow/.local/lib/python3.12/site-packages/airflow/example_dags/example_sensors.py
[2025-03-22T12:41:01.651+0000] {processor.py:925} INFO - DAG(s) 'example_sensors' retrieved from /home/airflow/.local/lib/python3.12/site-packages/airflow/example_dags/example_sensors.py
[2025-03-22T12:41:01.730+0000] {logging_mixin.py:190} INFO - [2025-03-22T12:41:01.730+0000] {dag.py:3239} INFO - Sync 1 DAGs
[2025-03-22T12:41:01.773+0000] {logging_mixin.py:190} INFO - [2025-03-22T12:41:01.773+0000] {dag.py:4180} INFO - Setting next_dagrun for example_sensors to None, run_after=None
[2025-03-22T12:41:01.840+0000] {processor.py:208} INFO - Processing /home/airflow/.local/lib/python3.12/site-packages/airflow/example_dags/example_sensors.py took 0.260 seconds
[2025-03-22T12:41:32.391+0000] {processor.py:186} INFO - Started process (PID=122) to work on /home/airflow/.local/lib/python3.12/site-packages/airflow/example_dags/example_sensors.py
[2025-03-22T12:41:32.393+0000] {processor.py:914} INFO - Processing file /home/airflow/.local/lib/python3.12/site-packages/airflow/example_dags/example_sensors.py for tasks to queue
[2025-03-22T12:41:32.397+0000] {logging_mixin.py:190} INFO - [2025-03-22T12:41:32.397+0000] {dagbag.py:588} INFO - Filling up the DagBag from /home/airflow/.local/lib/python3.12/site-packages/airflow/example_dags/example_sensors.py
[2025-03-22T12:41:32.411+0000] {processor.py:925} INFO - DAG(s) 'example_sensors' retrieved from /home/airflow/.local/lib/python3.12/site-packages/airflow/example_dags/example_sensors.py
[2025-03-22T12:41:32.439+0000] {logging_mixin.py:190} INFO - [2025-03-22T12:41:32.438+0000] {dag.py:3239} INFO - Sync 1 DAGs
[2025-03-22T12:41:32.456+0000] {logging_mixin.py:190} INFO - [2025-03-22T12:41:32.455+0000] {dag.py:4180} INFO - Setting next_dagrun for example_sensors to None, run_after=None
[2025-03-22T12:41:32.470+0000] {processor.py:208} INFO - Processing /home/airflow/.local/lib/python3.12/site-packages/airflow/example_dags/example_sensors.py took 0.090 seconds
