[2025-03-22T12:41:05.065+0000] {processor.py:186} INFO - Started process (PID=75) to work on /home/airflow/.local/lib/python3.12/site-packages/airflow/example_dags/example_branch_operator.py
[2025-03-22T12:41:05.066+0000] {processor.py:914} INFO - Processing file /home/airflow/.local/lib/python3.12/site-packages/airflow/example_dags/example_branch_operator.py for tasks to queue
[2025-03-22T12:41:05.068+0000] {logging_mixin.py:190} INFO - [2025-03-22T12:41:05.068+0000] {dagbag.py:588} INFO - Filling up the DagBag from /home/airflow/.local/lib/python3.12/site-packages/airflow/example_dags/example_branch_operator.py
[2025-03-22T12:41:05.091+0000] {processor.py:925} INFO - DAG(s) 'example_branch_operator' retrieved from /home/airflow/.local/lib/python3.12/site-packages/airflow/example_dags/example_branch_operator.py
[2025-03-22T12:41:05.240+0000] {logging_mixin.py:190} INFO - [2025-03-22T12:41:05.239+0000] {override.py:1912} INFO - Created Permission View: can read on DAG:example_branch_operator
[2025-03-22T12:41:05.251+0000] {logging_mixin.py:190} INFO - [2025-03-22T12:41:05.251+0000] {override.py:1912} INFO - Created Permission View: can edit on DAG:example_branch_operator
[2025-03-22T12:41:05.256+0000] {logging_mixin.py:190} INFO - [2025-03-22T12:41:05.256+0000] {override.py:1912} INFO - Created Permission View: can delete on DAG:example_branch_operator
[2025-03-22T12:41:05.262+0000] {logging_mixin.py:190} INFO - [2025-03-22T12:41:05.262+0000] {override.py:1912} INFO - Created Permission View: menu access on DAG Run:example_branch_operator
[2025-03-22T12:41:05.267+0000] {logging_mixin.py:190} INFO - [2025-03-22T12:41:05.267+0000] {override.py:1912} INFO - Created Permission View: can read on DAG Run:example_branch_operator
[2025-03-22T12:41:05.272+0000] {logging_mixin.py:190} INFO - [2025-03-22T12:41:05.272+0000] {override.py:1912} INFO - Created Permission View: can create on DAG Run:example_branch_operator
[2025-03-22T12:41:05.277+0000] {logging_mixin.py:190} INFO - [2025-03-22T12:41:05.277+0000] {override.py:1912} INFO - Created Permission View: can delete on DAG Run:example_branch_operator
[2025-03-22T12:41:05.277+0000] {logging_mixin.py:190} INFO - [2025-03-22T12:41:05.277+0000] {dag.py:3239} INFO - Sync 1 DAGs
[2025-03-22T12:41:05.293+0000] {logging_mixin.py:190} INFO - [2025-03-22T12:41:05.293+0000] {dag.py:3262} INFO - Creating ORM DAG for example_branch_operator
[2025-03-22T12:41:05.304+0000] {logging_mixin.py:190} INFO - [2025-03-22T12:41:05.304+0000] {dag.py:4180} INFO - Setting next_dagrun for example_branch_operator to 2025-03-21 00:00:00+00:00, run_after=2025-03-22 00:00:00+00:00
[2025-03-22T12:41:05.320+0000] {processor.py:208} INFO - Processing /home/airflow/.local/lib/python3.12/site-packages/airflow/example_dags/example_branch_operator.py took 0.261 seconds
[2025-03-22T12:41:35.875+0000] {processor.py:186} INFO - Started process (PID=137) to work on /home/airflow/.local/lib/python3.12/site-packages/airflow/example_dags/example_branch_operator.py
[2025-03-22T12:41:35.876+0000] {processor.py:914} INFO - Processing file /home/airflow/.local/lib/python3.12/site-packages/airflow/example_dags/example_branch_operator.py for tasks to queue
[2025-03-22T12:41:35.879+0000] {logging_mixin.py:190} INFO - [2025-03-22T12:41:35.878+0000] {dagbag.py:588} INFO - Filling up the DagBag from /home/airflow/.local/lib/python3.12/site-packages/airflow/example_dags/example_branch_operator.py
[2025-03-22T12:41:35.899+0000] {processor.py:925} INFO - DAG(s) 'example_branch_operator' retrieved from /home/airflow/.local/lib/python3.12/site-packages/airflow/example_dags/example_branch_operator.py
[2025-03-22T12:41:35.931+0000] {logging_mixin.py:190} INFO - [2025-03-22T12:41:35.931+0000] {dag.py:3239} INFO - Sync 1 DAGs
[2025-03-22T12:41:35.958+0000] {logging_mixin.py:190} INFO - [2025-03-22T12:41:35.958+0000] {dag.py:4180} INFO - Setting next_dagrun for example_branch_operator to 2025-03-21 00:00:00+00:00, run_after=2025-03-22 00:00:00+00:00
[2025-03-22T12:41:35.976+0000] {processor.py:208} INFO - Processing /home/airflow/.local/lib/python3.12/site-packages/airflow/example_dags/example_branch_operator.py took 0.107 seconds
