[2025-03-22T12:41:11.538+0000] {processor.py:186} INFO - Started process (PID=93) to work on /home/airflow/.local/lib/python3.12/site-packages/airflow/example_dags/example_trigger_controller_dag.py
[2025-03-22T12:41:11.539+0000] {processor.py:914} INFO - Processing file /home/airflow/.local/lib/python3.12/site-packages/airflow/example_dags/example_trigger_controller_dag.py for tasks to queue
[2025-03-22T12:41:11.543+0000] {logging_mixin.py:190} INFO - [2025-03-22T12:41:11.543+0000] {dagbag.py:588} INFO - Filling up the DagBag from /home/airflow/.local/lib/python3.12/site-packages/airflow/example_dags/example_trigger_controller_dag.py
[2025-03-22T12:41:11.569+0000] {processor.py:925} INFO - DAG(s) 'example_trigger_controller_dag' retrieved from /home/airflow/.local/lib/python3.12/site-packages/airflow/example_dags/example_trigger_controller_dag.py
[2025-03-22T12:41:11.985+0000] {logging_mixin.py:190} INFO - [2025-03-22T12:41:11.985+0000] {override.py:1912} INFO - Created Permission View: can read on DAG:example_trigger_controller_dag
[2025-03-22T12:41:12.047+0000] {logging_mixin.py:190} INFO - [2025-03-22T12:41:12.046+0000] {override.py:1912} INFO - Created Permission View: can edit on DAG:example_trigger_controller_dag
[2025-03-22T12:41:12.082+0000] {logging_mixin.py:190} INFO - [2025-03-22T12:41:12.081+0000] {override.py:1912} INFO - Created Permission View: can delete on DAG:example_trigger_controller_dag
[2025-03-22T12:41:12.116+0000] {logging_mixin.py:190} INFO - [2025-03-22T12:41:12.116+0000] {override.py:1912} INFO - Created Permission View: menu access on DAG Run:example_trigger_controller_dag
[2025-03-22T12:41:12.141+0000] {logging_mixin.py:190} INFO - [2025-03-22T12:41:12.141+0000] {override.py:1912} INFO - Created Permission View: can read on DAG Run:example_trigger_controller_dag
[2025-03-22T12:41:12.162+0000] {logging_mixin.py:190} INFO - [2025-03-22T12:41:12.161+0000] {override.py:1912} INFO - Created Permission View: can create on DAG Run:example_trigger_controller_dag
[2025-03-22T12:41:12.179+0000] {logging_mixin.py:190} INFO - [2025-03-22T12:41:12.179+0000] {override.py:1912} INFO - Created Permission View: can delete on DAG Run:example_trigger_controller_dag
[2025-03-22T12:41:12.182+0000] {logging_mixin.py:190} INFO - [2025-03-22T12:41:12.180+0000] {dag.py:3239} INFO - Sync 1 DAGs
[2025-03-22T12:41:12.217+0000] {logging_mixin.py:190} INFO - [2025-03-22T12:41:12.217+0000] {dag.py:3262} INFO - Creating ORM DAG for example_trigger_controller_dag
[2025-03-22T12:41:12.232+0000] {logging_mixin.py:190} INFO - [2025-03-22T12:41:12.231+0000] {dag.py:4180} INFO - Setting next_dagrun for example_trigger_controller_dag to 2021-01-01 00:00:00+00:00, run_after=2021-01-01 00:00:00+00:00
[2025-03-22T12:41:12.279+0000] {processor.py:208} INFO - Processing /home/airflow/.local/lib/python3.12/site-packages/airflow/example_dags/example_trigger_controller_dag.py took 0.760 seconds
[2025-03-22T12:41:43.396+0000] {processor.py:186} INFO - Started process (PID=156) to work on /home/airflow/.local/lib/python3.12/site-packages/airflow/example_dags/example_trigger_controller_dag.py
[2025-03-22T12:41:43.401+0000] {processor.py:914} INFO - Processing file /home/airflow/.local/lib/python3.12/site-packages/airflow/example_dags/example_trigger_controller_dag.py for tasks to queue
[2025-03-22T12:41:43.419+0000] {logging_mixin.py:190} INFO - [2025-03-22T12:41:43.418+0000] {dagbag.py:588} INFO - Filling up the DagBag from /home/airflow/.local/lib/python3.12/site-packages/airflow/example_dags/example_trigger_controller_dag.py
[2025-03-22T12:41:43.456+0000] {processor.py:925} INFO - DAG(s) 'example_trigger_controller_dag' retrieved from /home/airflow/.local/lib/python3.12/site-packages/airflow/example_dags/example_trigger_controller_dag.py
[2025-03-22T12:41:43.561+0000] {logging_mixin.py:190} INFO - [2025-03-22T12:41:43.561+0000] {dag.py:3239} INFO - Sync 1 DAGs
[2025-03-22T12:41:43.667+0000] {logging_mixin.py:190} INFO - [2025-03-22T12:41:43.667+0000] {dag.py:4180} INFO - Setting next_dagrun for example_trigger_controller_dag to 2021-01-01 00:00:00+00:00, run_after=2021-01-01 00:00:00+00:00
[2025-03-22T12:41:43.749+0000] {processor.py:208} INFO - Processing /home/airflow/.local/lib/python3.12/site-packages/airflow/example_dags/example_trigger_controller_dag.py took 0.384 seconds
