[2025-03-22T12:41:06.472+0000] {processor.py:186} INFO - Started process (PID=82) to work on /home/airflow/.local/lib/python3.12/site-packages/airflow/example_dags/example_trigger_target_dag.py
[2025-03-22T12:41:06.472+0000] {processor.py:914} INFO - Processing file /home/airflow/.local/lib/python3.12/site-packages/airflow/example_dags/example_trigger_target_dag.py for tasks to queue
[2025-03-22T12:41:06.475+0000] {logging_mixin.py:190} INFO - [2025-03-22T12:41:06.474+0000] {dagbag.py:588} INFO - Filling up the DagBag from /home/airflow/.local/lib/python3.12/site-packages/airflow/example_dags/example_trigger_target_dag.py
[2025-03-22T12:41:06.485+0000] {processor.py:925} INFO - DAG(s) 'example_trigger_target_dag' retrieved from /home/airflow/.local/lib/python3.12/site-packages/airflow/example_dags/example_trigger_target_dag.py
[2025-03-22T12:41:06.604+0000] {logging_mixin.py:190} INFO - [2025-03-22T12:41:06.604+0000] {override.py:1912} INFO - Created Permission View: can read on DAG:example_trigger_target_dag
[2025-03-22T12:41:06.615+0000] {logging_mixin.py:190} INFO - [2025-03-22T12:41:06.615+0000] {override.py:1912} INFO - Created Permission View: can edit on DAG:example_trigger_target_dag
[2025-03-22T12:41:06.621+0000] {logging_mixin.py:190} INFO - [2025-03-22T12:41:06.621+0000] {override.py:1912} INFO - Created Permission View: can delete on DAG:example_trigger_target_dag
[2025-03-22T12:41:06.627+0000] {logging_mixin.py:190} INFO - [2025-03-22T12:41:06.627+0000] {override.py:1912} INFO - Created Permission View: menu access on DAG Run:example_trigger_target_dag
[2025-03-22T12:41:06.634+0000] {logging_mixin.py:190} INFO - [2025-03-22T12:41:06.634+0000] {override.py:1912} INFO - Created Permission View: can read on DAG Run:example_trigger_target_dag
[2025-03-22T12:41:06.640+0000] {logging_mixin.py:190} INFO - [2025-03-22T12:41:06.640+0000] {override.py:1912} INFO - Created Permission View: can create on DAG Run:example_trigger_target_dag
[2025-03-22T12:41:06.646+0000] {logging_mixin.py:190} INFO - [2025-03-22T12:41:06.645+0000] {override.py:1912} INFO - Created Permission View: can delete on DAG Run:example_trigger_target_dag
[2025-03-22T12:41:06.646+0000] {logging_mixin.py:190} INFO - [2025-03-22T12:41:06.646+0000] {dag.py:3239} INFO - Sync 1 DAGs
[2025-03-22T12:41:06.659+0000] {logging_mixin.py:190} INFO - [2025-03-22T12:41:06.659+0000] {dag.py:3262} INFO - Creating ORM DAG for example_trigger_target_dag
[2025-03-22T12:41:06.660+0000] {logging_mixin.py:190} INFO - [2025-03-22T12:41:06.660+0000] {dag.py:4180} INFO - Setting next_dagrun for example_trigger_target_dag to None, run_after=None
[2025-03-22T12:41:06.675+0000] {processor.py:208} INFO - Processing /home/airflow/.local/lib/python3.12/site-packages/airflow/example_dags/example_trigger_target_dag.py took 0.210 seconds
[2025-03-22T12:41:37.573+0000] {processor.py:186} INFO - Started process (PID=145) to work on /home/airflow/.local/lib/python3.12/site-packages/airflow/example_dags/example_trigger_target_dag.py
[2025-03-22T12:41:37.574+0000] {processor.py:914} INFO - Processing file /home/airflow/.local/lib/python3.12/site-packages/airflow/example_dags/example_trigger_target_dag.py for tasks to queue
[2025-03-22T12:41:37.576+0000] {logging_mixin.py:190} INFO - [2025-03-22T12:41:37.575+0000] {dagbag.py:588} INFO - Filling up the DagBag from /home/airflow/.local/lib/python3.12/site-packages/airflow/example_dags/example_trigger_target_dag.py
[2025-03-22T12:41:37.584+0000] {processor.py:925} INFO - DAG(s) 'example_trigger_target_dag' retrieved from /home/airflow/.local/lib/python3.12/site-packages/airflow/example_dags/example_trigger_target_dag.py
[2025-03-22T12:41:37.606+0000] {logging_mixin.py:190} INFO - [2025-03-22T12:41:37.605+0000] {dag.py:3239} INFO - Sync 1 DAGs
[2025-03-22T12:41:37.623+0000] {logging_mixin.py:190} INFO - [2025-03-22T12:41:37.622+0000] {dag.py:4180} INFO - Setting next_dagrun for example_trigger_target_dag to None, run_after=None
[2025-03-22T12:41:37.660+0000] {processor.py:208} INFO - Processing /home/airflow/.local/lib/python3.12/site-packages/airflow/example_dags/example_trigger_target_dag.py took 0.093 seconds
