[2025-03-22T12:41:07.687+0000] {processor.py:186} INFO - Started process (PID=86) to work on /home/airflow/.local/lib/python3.12/site-packages/airflow/example_dags/example_branch_operator_decorator.py
[2025-03-22T12:41:07.695+0000] {processor.py:914} INFO - Processing file /home/airflow/.local/lib/python3.12/site-packages/airflow/example_dags/example_branch_operator_decorator.py for tasks to queue
[2025-03-22T12:41:07.710+0000] {logging_mixin.py:190} INFO - [2025-03-22T12:41:07.703+0000] {dagbag.py:588} INFO - Filling up the DagBag from /home/airflow/.local/lib/python3.12/site-packages/airflow/example_dags/example_branch_operator_decorator.py
[2025-03-22T12:41:07.814+0000] {processor.py:925} INFO - DAG(s) 'example_branch_python_operator_decorator' retrieved from /home/airflow/.local/lib/python3.12/site-packages/airflow/example_dags/example_branch_operator_decorator.py
[2025-03-22T12:41:08.128+0000] {logging_mixin.py:190} INFO - [2025-03-22T12:41:08.127+0000] {override.py:1912} INFO - Created Permission View: can read on DAG:example_branch_python_operator_decorator
[2025-03-22T12:41:08.204+0000] {logging_mixin.py:190} INFO - [2025-03-22T12:41:08.203+0000] {override.py:1912} INFO - Created Permission View: can edit on DAG:example_branch_python_operator_decorator
[2025-03-22T12:41:08.251+0000] {logging_mixin.py:190} INFO - [2025-03-22T12:41:08.250+0000] {override.py:1912} INFO - Created Permission View: can delete on DAG:example_branch_python_operator_decorator
[2025-03-22T12:41:08.285+0000] {logging_mixin.py:190} INFO - [2025-03-22T12:41:08.284+0000] {override.py:1912} INFO - Created Permission View: menu access on DAG Run:example_branch_python_operator_decorator
[2025-03-22T12:41:08.308+0000] {logging_mixin.py:190} INFO - [2025-03-22T12:41:08.307+0000] {override.py:1912} INFO - Created Permission View: can read on DAG Run:example_branch_python_operator_decorator
[2025-03-22T12:41:08.327+0000] {logging_mixin.py:190} INFO - [2025-03-22T12:41:08.326+0000] {override.py:1912} INFO - Created Permission View: can create on DAG Run:example_branch_python_operator_decorator
[2025-03-22T12:41:08.352+0000] {logging_mixin.py:190} INFO - [2025-03-22T12:41:08.351+0000] {override.py:1912} INFO - Created Permission View: can delete on DAG Run:example_branch_python_operator_decorator
[2025-03-22T12:41:08.354+0000] {logging_mixin.py:190} INFO - [2025-03-22T12:41:08.353+0000] {dag.py:3239} INFO - Sync 1 DAGs
[2025-03-22T12:41:08.381+0000] {logging_mixin.py:190} INFO - [2025-03-22T12:41:08.381+0000] {dag.py:3262} INFO - Creating ORM DAG for example_branch_python_operator_decorator
[2025-03-22T12:41:08.401+0000] {logging_mixin.py:190} INFO - [2025-03-22T12:41:08.400+0000] {dag.py:4180} INFO - Setting next_dagrun for example_branch_python_operator_decorator to 2025-03-21 00:00:00+00:00, run_after=2025-03-22 00:00:00+00:00
[2025-03-22T12:41:08.446+0000] {processor.py:208} INFO - Processing /home/airflow/.local/lib/python3.12/site-packages/airflow/example_dags/example_branch_operator_decorator.py took 0.779 seconds
[2025-03-22T12:41:38.946+0000] {processor.py:186} INFO - Started process (PID=149) to work on /home/airflow/.local/lib/python3.12/site-packages/airflow/example_dags/example_branch_operator_decorator.py
[2025-03-22T12:41:38.949+0000] {processor.py:914} INFO - Processing file /home/airflow/.local/lib/python3.12/site-packages/airflow/example_dags/example_branch_operator_decorator.py for tasks to queue
[2025-03-22T12:41:38.958+0000] {logging_mixin.py:190} INFO - [2025-03-22T12:41:38.957+0000] {dagbag.py:588} INFO - Filling up the DagBag from /home/airflow/.local/lib/python3.12/site-packages/airflow/example_dags/example_branch_operator_decorator.py
[2025-03-22T12:41:39.047+0000] {processor.py:925} INFO - DAG(s) 'example_branch_python_operator_decorator' retrieved from /home/airflow/.local/lib/python3.12/site-packages/airflow/example_dags/example_branch_operator_decorator.py
[2025-03-22T12:41:39.088+0000] {logging_mixin.py:190} INFO - [2025-03-22T12:41:39.088+0000] {dag.py:3239} INFO - Sync 1 DAGs
[2025-03-22T12:41:39.113+0000] {logging_mixin.py:190} INFO - [2025-03-22T12:41:39.113+0000] {dag.py:4180} INFO - Setting next_dagrun for example_branch_python_operator_decorator to 2025-03-21 00:00:00+00:00, run_after=2025-03-22 00:00:00+00:00
[2025-03-22T12:41:39.126+0000] {processor.py:208} INFO - Processing /home/airflow/.local/lib/python3.12/site-packages/airflow/example_dags/example_branch_operator_decorator.py took 0.195 seconds
