[2025-03-22T12:41:09.342+0000] {processor.py:186} INFO - Started process (PID=90) to work on /home/airflow/.local/lib/python3.12/site-packages/airflow/example_dags/tutorial_taskflow_api.py
[2025-03-22T12:41:09.343+0000] {processor.py:914} INFO - Processing file /home/airflow/.local/lib/python3.12/site-packages/airflow/example_dags/tutorial_taskflow_api.py for tasks to queue
[2025-03-22T12:41:09.346+0000] {logging_mixin.py:190} INFO - [2025-03-22T12:41:09.346+0000] {dagbag.py:588} INFO - Filling up the DagBag from /home/airflow/.local/lib/python3.12/site-packages/airflow/example_dags/tutorial_taskflow_api.py
[2025-03-22T12:41:09.361+0000] {processor.py:925} INFO - DAG(s) 'tutorial_taskflow_api' retrieved from /home/airflow/.local/lib/python3.12/site-packages/airflow/example_dags/tutorial_taskflow_api.py
[2025-03-22T12:41:09.739+0000] {logging_mixin.py:190} INFO - [2025-03-22T12:41:09.736+0000] {override.py:1912} INFO - Created Permission View: can read on DAG:tutorial_taskflow_api
[2025-03-22T12:41:09.792+0000] {logging_mixin.py:190} INFO - [2025-03-22T12:41:09.791+0000] {override.py:1912} INFO - Created Permission View: can edit on DAG:tutorial_taskflow_api
[2025-03-22T12:41:09.822+0000] {logging_mixin.py:190} INFO - [2025-03-22T12:41:09.821+0000] {override.py:1912} INFO - Created Permission View: can delete on DAG:tutorial_taskflow_api
[2025-03-22T12:41:09.880+0000] {logging_mixin.py:190} INFO - [2025-03-22T12:41:09.879+0000] {override.py:1912} INFO - Created Permission View: menu access on DAG Run:tutorial_taskflow_api
[2025-03-22T12:41:09.930+0000] {logging_mixin.py:190} INFO - [2025-03-22T12:41:09.929+0000] {override.py:1912} INFO - Created Permission View: can read on DAG Run:tutorial_taskflow_api
[2025-03-22T12:41:09.947+0000] {logging_mixin.py:190} INFO - [2025-03-22T12:41:09.947+0000] {override.py:1912} INFO - Created Permission View: can create on DAG Run:tutorial_taskflow_api
[2025-03-22T12:41:09.967+0000] {logging_mixin.py:190} INFO - [2025-03-22T12:41:09.967+0000] {override.py:1912} INFO - Created Permission View: can delete on DAG Run:tutorial_taskflow_api
[2025-03-22T12:41:09.969+0000] {logging_mixin.py:190} INFO - [2025-03-22T12:41:09.969+0000] {dag.py:3239} INFO - Sync 1 DAGs
[2025-03-22T12:41:10.011+0000] {logging_mixin.py:190} INFO - [2025-03-22T12:41:10.011+0000] {dag.py:3262} INFO - Creating ORM DAG for tutorial_taskflow_api
[2025-03-22T12:41:10.015+0000] {logging_mixin.py:190} INFO - [2025-03-22T12:41:10.015+0000] {dag.py:4180} INFO - Setting next_dagrun for tutorial_taskflow_api to None, run_after=None
[2025-03-22T12:41:10.104+0000] {processor.py:208} INFO - Processing /home/airflow/.local/lib/python3.12/site-packages/airflow/example_dags/tutorial_taskflow_api.py took 0.769 seconds
[2025-03-22T12:41:41.179+0000] {processor.py:186} INFO - Started process (PID=153) to work on /home/airflow/.local/lib/python3.12/site-packages/airflow/example_dags/tutorial_taskflow_api.py
[2025-03-22T12:41:41.180+0000] {processor.py:914} INFO - Processing file /home/airflow/.local/lib/python3.12/site-packages/airflow/example_dags/tutorial_taskflow_api.py for tasks to queue
[2025-03-22T12:41:41.183+0000] {logging_mixin.py:190} INFO - [2025-03-22T12:41:41.182+0000] {dagbag.py:588} INFO - Filling up the DagBag from /home/airflow/.local/lib/python3.12/site-packages/airflow/example_dags/tutorial_taskflow_api.py
[2025-03-22T12:41:41.192+0000] {processor.py:925} INFO - DAG(s) 'tutorial_taskflow_api' retrieved from /home/airflow/.local/lib/python3.12/site-packages/airflow/example_dags/tutorial_taskflow_api.py
[2025-03-22T12:41:41.214+0000] {logging_mixin.py:190} INFO - [2025-03-22T12:41:41.214+0000] {dag.py:3239} INFO - Sync 1 DAGs
[2025-03-22T12:41:41.232+0000] {logging_mixin.py:190} INFO - [2025-03-22T12:41:41.232+0000] {dag.py:4180} INFO - Setting next_dagrun for tutorial_taskflow_api to None, run_after=None
[2025-03-22T12:41:41.250+0000] {processor.py:208} INFO - Processing /home/airflow/.local/lib/python3.12/site-packages/airflow/example_dags/tutorial_taskflow_api.py took 0.080 seconds
